CRITICAL - 2022-03-06 22:10:44 --> Cannot access offset of type string on string
#0 D:\xampp\htdocs\bhghr\system\View\View.php(210): include()
#1 D:\xampp\htdocs\bhghr\system\View\View.php(213): CodeIgniter\View\View->CodeIgniter\View\{closure}()
#2 D:\xampp\htdocs\bhghr\system\Common.php(1089): CodeIgniter\View\View->render('dashboard', Array, true)
#3 D:\xampp\htdocs\bhghr\app\Controllers\Dashboard.php(39): view('dashboard', Array)
#4 D:\xampp\htdocs\bhghr\system\CodeIgniter.php(832): App\Controllers\Dashboard->index()
#5 D:\xampp\htdocs\bhghr\system\CodeIgniter.php(419): CodeIgniter\CodeIgniter->runController(Object(App\Controllers\Dashboard))
#6 D:\xampp\htdocs\bhghr\system\CodeIgniter.php(326): CodeIgniter\CodeIgniter->handleRequest(NULL, Object(Config\Cache), false)
#7 D:\xampp\htdocs\bhghr\index.php(37): CodeIgniter\CodeIgniter->run()
#8 {main}
CRITICAL - 2022-03-06 22:20:58 --> Cannot access offset of type string on string
#0 D:\xampp\htdocs\bhghr\system\View\View.php(210): include()
#1 D:\xampp\htdocs\bhghr\system\View\View.php(213): CodeIgniter\View\View->CodeIgniter\View\{closure}()
#2 D:\xampp\htdocs\bhghr\system\Common.php(1089): CodeIgniter\View\View->render('dashboard', Array, true)
#3 D:\xampp\htdocs\bhghr\app\Controllers\Dashboard.php(39): view('dashboard', Array)
#4 D:\xampp\htdocs\bhghr\system\CodeIgniter.php(832): App\Controllers\Dashboard->index()
#5 D:\xampp\htdocs\bhghr\system\CodeIgniter.php(419): CodeIgniter\CodeIgniter->runController(Object(App\Controllers\Dashboard))
#6 D:\xampp\htdocs\bhghr\system\CodeIgniter.php(326): CodeIgniter\CodeIgniter->handleRequest(NULL, Object(Config\Cache), false)
#7 D:\xampp\htdocs\bhghr\index.php(37): CodeIgniter\CodeIgniter->run()
#8 {main}
CRITICAL - 2022-03-06 22:21:17 --> Cannot access offset of type string on string
#0 D:\xampp\htdocs\bhghr\system\View\View.php(210): include()
#1 D:\xampp\htdocs\bhghr\system\View\View.php(213): CodeIgniter\View\View->CodeIgniter\View\{closure}()
#2 D:\xampp\htdocs\bhghr\system\Common.php(1089): CodeIgniter\View\View->render('dashboard', Array, true)
#3 D:\xampp\htdocs\bhghr\app\Controllers\Dashboard.php(39): view('dashboard', Array)
#4 D:\xampp\htdocs\bhghr\system\CodeIgniter.php(832): App\Controllers\Dashboard->index()
#5 D:\xampp\htdocs\bhghr\system\CodeIgniter.php(419): CodeIgniter\CodeIgniter->runController(Object(App\Controllers\Dashboard))
#6 D:\xampp\htdocs\bhghr\system\CodeIgniter.php(326): CodeIgniter\CodeIgniter->handleRequest(NULL, Object(Config\Cache), false)
#7 D:\xampp\htdocs\bhghr\index.php(37): CodeIgniter\CodeIgniter->run()
#8 {main}
CRITICAL - 2022-03-06 22:44:56 --> Undefined array key "divisionsId"
#0 D:\xampp\htdocs\bhghr\app\Views\positions\edit.php(144): CodeIgniter\Debug\Exceptions->errorHandler(2, 'Undefined array...', 'D:\\xampp\\htdocs...', 144)
#1 D:\xampp\htdocs\bhghr\system\View\View.php(210): include('D:\\xampp\\htdocs...')
#2 D:\xampp\htdocs\bhghr\system\View\View.php(213): CodeIgniter\View\View->CodeIgniter\View\{closure}()
#3 D:\xampp\htdocs\bhghr\system\Common.php(1089): CodeIgniter\View\View->render('positions/edit', Array, true)
#4 D:\xampp\htdocs\bhghr\app\Controllers\Hrms.php(449): view('positions/edit', Array)
#5 D:\xampp\htdocs\bhghr\system\CodeIgniter.php(832): App\Controllers\Hrms->edit_position('21')
#6 D:\xampp\htdocs\bhghr\system\CodeIgniter.php(419): CodeIgniter\CodeIgniter->runController(Object(App\Controllers\Hrms))
#7 D:\xampp\htdocs\bhghr\system\CodeIgniter.php(326): CodeIgniter\CodeIgniter->handleRequest(NULL, Object(Config\Cache), false)
#8 D:\xampp\htdocs\bhghr\index.php(37): CodeIgniter\CodeIgniter->run()
#9 {main}
CRITICAL - 2022-03-06 22:52:31 --> Undefined array key 0
#0 D:\xampp\htdocs\bhghr\app\Controllers\Jobapplications.php(115): CodeIgniter\Debug\Exceptions->errorHandler(2, 'Undefined array...', 'D:\\xampp\\htdocs...', 115)
#1 D:\xampp\htdocs\bhghr\system\CodeIgniter.php(832): App\Controllers\Jobapplications->application_details('5')
#2 D:\xampp\htdocs\bhghr\system\CodeIgniter.php(419): CodeIgniter\CodeIgniter->runController(Object(App\Controllers\Jobapplications))
#3 D:\xampp\htdocs\bhghr\system\CodeIgniter.php(326): CodeIgniter\CodeIgniter->handleRequest(NULL, Object(Config\Cache), false)
#4 D:\xampp\htdocs\bhghr\index.php(37): CodeIgniter\CodeIgniter->run()
#5 {main}
