CRITICAL - 2022-03-05 02:03:07 --> Undefined variable $jobId
#0 D:\xampp\htdocs\bhghr\app\Controllers\Aprovals.php(180): CodeIgniter\Debug\Exceptions->errorHandler(2, 'Undefined varia...', 'D:\\xampp\\htdocs...', 180)
#1 D:\xampp\htdocs\bhghr\system\CodeIgniter.php(832): App\Controllers\Aprovals->jobreject('131')
#2 D:\xampp\htdocs\bhghr\system\CodeIgniter.php(419): CodeIgniter\CodeIgniter->runController(Object(App\Controllers\Aprovals))
#3 D:\xampp\htdocs\bhghr\system\CodeIgniter.php(326): CodeIgniter\CodeIgniter->handleRequest(NULL, Object(Config\Cache), false)
#4 D:\xampp\htdocs\bhghr\index.php(37): CodeIgniter\CodeIgniter->run()
#5 {main}
CRITICAL - 2022-03-05 03:13:07 --> Cannot access offset of type string on string
#0 D:\xampp\htdocs\bhghr\system\View\View.php(210): include()
#1 D:\xampp\htdocs\bhghr\system\View\View.php(213): CodeIgniter\View\View->CodeIgniter\View\{closure}()
#2 D:\xampp\htdocs\bhghr\system\Common.php(1089): CodeIgniter\View\View->render('dashboard', Array, true)
#3 D:\xampp\htdocs\bhghr\app\Controllers\Dashboard.php(39): view('dashboard', Array)
#4 D:\xampp\htdocs\bhghr\system\CodeIgniter.php(832): App\Controllers\Dashboard->index()
#5 D:\xampp\htdocs\bhghr\system\CodeIgniter.php(419): CodeIgniter\CodeIgniter->runController(Object(App\Controllers\Dashboard))
#6 D:\xampp\htdocs\bhghr\system\CodeIgniter.php(326): CodeIgniter\CodeIgniter->handleRequest(NULL, Object(Config\Cache), false)
#7 D:\xampp\htdocs\bhghr\index.php(37): CodeIgniter\CodeIgniter->run()
#8 {main}
CRITICAL - 2022-03-05 03:13:18 --> Cannot access offset of type string on string
#0 D:\xampp\htdocs\bhghr\system\View\View.php(210): include()
#1 D:\xampp\htdocs\bhghr\system\View\View.php(213): CodeIgniter\View\View->CodeIgniter\View\{closure}()
#2 D:\xampp\htdocs\bhghr\system\Common.php(1089): CodeIgniter\View\View->render('dashboard', Array, true)
#3 D:\xampp\htdocs\bhghr\app\Controllers\Dashboard.php(39): view('dashboard', Array)
#4 D:\xampp\htdocs\bhghr\system\CodeIgniter.php(832): App\Controllers\Dashboard->index()
#5 D:\xampp\htdocs\bhghr\system\CodeIgniter.php(419): CodeIgniter\CodeIgniter->runController(Object(App\Controllers\Dashboard))
#6 D:\xampp\htdocs\bhghr\system\CodeIgniter.php(326): CodeIgniter\CodeIgniter->handleRequest(NULL, Object(Config\Cache), false)
#7 D:\xampp\htdocs\bhghr\index.php(37): CodeIgniter\CodeIgniter->run()
#8 {main}
CRITICAL - 2022-03-05 03:13:34 --> Cannot access offset of type string on string
#0 D:\xampp\htdocs\bhghr\system\View\View.php(210): include()
#1 D:\xampp\htdocs\bhghr\system\View\View.php(213): CodeIgniter\View\View->CodeIgniter\View\{closure}()
#2 D:\xampp\htdocs\bhghr\system\Common.php(1089): CodeIgniter\View\View->render('dashboard', Array, true)
#3 D:\xampp\htdocs\bhghr\app\Controllers\Dashboard.php(39): view('dashboard', Array)
#4 D:\xampp\htdocs\bhghr\system\CodeIgniter.php(832): App\Controllers\Dashboard->index()
#5 D:\xampp\htdocs\bhghr\system\CodeIgniter.php(419): CodeIgniter\CodeIgniter->runController(Object(App\Controllers\Dashboard))
#6 D:\xampp\htdocs\bhghr\system\CodeIgniter.php(326): CodeIgniter\CodeIgniter->handleRequest(NULL, Object(Config\Cache), false)
#7 D:\xampp\htdocs\bhghr\index.php(37): CodeIgniter\CodeIgniter->run()
#8 {main}
CRITICAL - 2022-03-05 03:13:38 --> Cannot access offset of type string on string
#0 D:\xampp\htdocs\bhghr\system\View\View.php(210): include()
#1 D:\xampp\htdocs\bhghr\system\View\View.php(213): CodeIgniter\View\View->CodeIgniter\View\{closure}()
#2 D:\xampp\htdocs\bhghr\system\Common.php(1089): CodeIgniter\View\View->render('dashboard', Array, true)
#3 D:\xampp\htdocs\bhghr\app\Controllers\Dashboard.php(39): view('dashboard', Array)
#4 D:\xampp\htdocs\bhghr\system\CodeIgniter.php(832): App\Controllers\Dashboard->index()
#5 D:\xampp\htdocs\bhghr\system\CodeIgniter.php(419): CodeIgniter\CodeIgniter->runController(Object(App\Controllers\Dashboard))
#6 D:\xampp\htdocs\bhghr\system\CodeIgniter.php(326): CodeIgniter\CodeIgniter->handleRequest(NULL, Object(Config\Cache), false)
#7 D:\xampp\htdocs\bhghr\index.php(37): CodeIgniter\CodeIgniter->run()
#8 {main}
CRITICAL - 2022-03-05 03:13:41 --> Cannot access offset of type string on string
#0 D:\xampp\htdocs\bhghr\system\View\View.php(210): include()
#1 D:\xampp\htdocs\bhghr\system\View\View.php(213): CodeIgniter\View\View->CodeIgniter\View\{closure}()
#2 D:\xampp\htdocs\bhghr\system\Common.php(1089): CodeIgniter\View\View->render('dashboard', Array, true)
#3 D:\xampp\htdocs\bhghr\app\Controllers\Dashboard.php(39): view('dashboard', Array)
#4 D:\xampp\htdocs\bhghr\system\CodeIgniter.php(832): App\Controllers\Dashboard->index()
#5 D:\xampp\htdocs\bhghr\system\CodeIgniter.php(419): CodeIgniter\CodeIgniter->runController(Object(App\Controllers\Dashboard))
#6 D:\xampp\htdocs\bhghr\system\CodeIgniter.php(326): CodeIgniter\CodeIgniter->handleRequest(NULL, Object(Config\Cache), false)
#7 D:\xampp\htdocs\bhghr\index.php(37): CodeIgniter\CodeIgniter->run()
#8 {main}
CRITICAL - 2022-03-05 03:13:46 --> Cannot access offset of type string on string
#0 D:\xampp\htdocs\bhghr\system\View\View.php(210): include()
#1 D:\xampp\htdocs\bhghr\system\View\View.php(213): CodeIgniter\View\View->CodeIgniter\View\{closure}()
#2 D:\xampp\htdocs\bhghr\system\Common.php(1089): CodeIgniter\View\View->render('dashboard', Array, true)
#3 D:\xampp\htdocs\bhghr\app\Controllers\Dashboard.php(39): view('dashboard', Array)
#4 D:\xampp\htdocs\bhghr\system\CodeIgniter.php(832): App\Controllers\Dashboard->index()
#5 D:\xampp\htdocs\bhghr\system\CodeIgniter.php(419): CodeIgniter\CodeIgniter->runController(Object(App\Controllers\Dashboard))
#6 D:\xampp\htdocs\bhghr\system\CodeIgniter.php(326): CodeIgniter\CodeIgniter->handleRequest(NULL, Object(Config\Cache), false)
#7 D:\xampp\htdocs\bhghr\index.php(37): CodeIgniter\CodeIgniter->run()
#8 {main}
CRITICAL - 2022-03-05 03:13:51 --> Cannot access offset of type string on string
#0 D:\xampp\htdocs\bhghr\system\View\View.php(210): include()
#1 D:\xampp\htdocs\bhghr\system\View\View.php(213): CodeIgniter\View\View->CodeIgniter\View\{closure}()
#2 D:\xampp\htdocs\bhghr\system\Common.php(1089): CodeIgniter\View\View->render('dashboard', Array, true)
#3 D:\xampp\htdocs\bhghr\app\Controllers\Dashboard.php(39): view('dashboard', Array)
#4 D:\xampp\htdocs\bhghr\system\CodeIgniter.php(832): App\Controllers\Dashboard->index()
#5 D:\xampp\htdocs\bhghr\system\CodeIgniter.php(419): CodeIgniter\CodeIgniter->runController(Object(App\Controllers\Dashboard))
#6 D:\xampp\htdocs\bhghr\system\CodeIgniter.php(326): CodeIgniter\CodeIgniter->handleRequest(NULL, Object(Config\Cache), false)
#7 D:\xampp\htdocs\bhghr\index.php(37): CodeIgniter\CodeIgniter->run()
#8 {main}
CRITICAL - 2022-03-05 03:13:58 --> Cannot access offset of type string on string
#0 D:\xampp\htdocs\bhghr\system\View\View.php(210): include()
#1 D:\xampp\htdocs\bhghr\system\View\View.php(213): CodeIgniter\View\View->CodeIgniter\View\{closure}()
#2 D:\xampp\htdocs\bhghr\system\Common.php(1089): CodeIgniter\View\View->render('dashboard', Array, true)
#3 D:\xampp\htdocs\bhghr\app\Controllers\Dashboard.php(39): view('dashboard', Array)
#4 D:\xampp\htdocs\bhghr\system\CodeIgniter.php(832): App\Controllers\Dashboard->index()
#5 D:\xampp\htdocs\bhghr\system\CodeIgniter.php(419): CodeIgniter\CodeIgniter->runController(Object(App\Controllers\Dashboard))
#6 D:\xampp\htdocs\bhghr\system\CodeIgniter.php(326): CodeIgniter\CodeIgniter->handleRequest(NULL, Object(Config\Cache), false)
#7 D:\xampp\htdocs\bhghr\index.php(37): CodeIgniter\CodeIgniter->run()
#8 {main}
CRITICAL - 2022-03-05 03:14:05 --> Cannot access offset of type string on string
#0 D:\xampp\htdocs\bhghr\system\View\View.php(210): include()
#1 D:\xampp\htdocs\bhghr\system\View\View.php(213): CodeIgniter\View\View->CodeIgniter\View\{closure}()
#2 D:\xampp\htdocs\bhghr\system\Common.php(1089): CodeIgniter\View\View->render('dashboard', Array, true)
#3 D:\xampp\htdocs\bhghr\app\Controllers\Dashboard.php(39): view('dashboard', Array)
#4 D:\xampp\htdocs\bhghr\system\CodeIgniter.php(832): App\Controllers\Dashboard->index()
#5 D:\xampp\htdocs\bhghr\system\CodeIgniter.php(419): CodeIgniter\CodeIgniter->runController(Object(App\Controllers\Dashboard))
#6 D:\xampp\htdocs\bhghr\system\CodeIgniter.php(326): CodeIgniter\CodeIgniter->handleRequest(NULL, Object(Config\Cache), false)
#7 D:\xampp\htdocs\bhghr\index.php(37): CodeIgniter\CodeIgniter->run()
#8 {main}
CRITICAL - 2022-03-05 03:23:12 --> Cannot access offset of type string on string
#0 D:\xampp\htdocs\bhghr\system\View\View.php(210): include()
#1 D:\xampp\htdocs\bhghr\system\View\View.php(213): CodeIgniter\View\View->CodeIgniter\View\{closure}()
#2 D:\xampp\htdocs\bhghr\system\Common.php(1089): CodeIgniter\View\View->render('dashboard', Array, true)
#3 D:\xampp\htdocs\bhghr\app\Controllers\Dashboard.php(39): view('dashboard', Array)
#4 D:\xampp\htdocs\bhghr\system\CodeIgniter.php(832): App\Controllers\Dashboard->index()
#5 D:\xampp\htdocs\bhghr\system\CodeIgniter.php(419): CodeIgniter\CodeIgniter->runController(Object(App\Controllers\Dashboard))
#6 D:\xampp\htdocs\bhghr\system\CodeIgniter.php(326): CodeIgniter\CodeIgniter->handleRequest(NULL, Object(Config\Cache), false)
#7 D:\xampp\htdocs\bhghr\index.php(37): CodeIgniter\CodeIgniter->run()
#8 {main}
CRITICAL - 2022-03-05 03:52:49 --> Unsupported operand types: string + int
#0 D:\xampp\htdocs\bhghr\system\View\View.php(210): include()
#1 D:\xampp\htdocs\bhghr\system\View\View.php(213): CodeIgniter\View\View->CodeIgniter\View\{closure}()
#2 D:\xampp\htdocs\bhghr\system\Common.php(1089): CodeIgniter\View\View->render('users/list', Array, true)
#3 D:\xampp\htdocs\bhghr\app\Controllers\User.php(129): view('users/list', Array)
#4 D:\xampp\htdocs\bhghr\system\CodeIgniter.php(832): App\Controllers\User->hrms_users_list()
#5 D:\xampp\htdocs\bhghr\system\CodeIgniter.php(419): CodeIgniter\CodeIgniter->runController(Object(App\Controllers\User))
#6 D:\xampp\htdocs\bhghr\system\CodeIgniter.php(326): CodeIgniter\CodeIgniter->handleRequest(NULL, Object(Config\Cache), false)
#7 D:\xampp\htdocs\bhghr\index.php(37): CodeIgniter\CodeIgniter->run()
#8 {main}
CRITICAL - 2022-03-05 03:55:35 --> Undefined array key "getUserGroupList"
#0 D:\xampp\htdocs\bhghr\app\Controllers\User.php(266): CodeIgniter\Debug\Exceptions->errorHandler(2, 'Undefined array...', 'D:\\xampp\\htdocs...', 266)
#1 D:\xampp\htdocs\bhghr\system\CodeIgniter.php(832): App\Controllers\User->edit_user('7')
#2 D:\xampp\htdocs\bhghr\system\CodeIgniter.php(419): CodeIgniter\CodeIgniter->runController(Object(App\Controllers\User))
#3 D:\xampp\htdocs\bhghr\system\CodeIgniter.php(326): CodeIgniter\CodeIgniter->handleRequest(NULL, Object(Config\Cache), false)
#4 D:\xampp\htdocs\bhghr\index.php(37): CodeIgniter\CodeIgniter->run()
#5 {main}
