CRITICAL - 2022-07-04 06:01:36 --> Undefined array key "gradeID"
#0 D:\xampp\htdocs\bhghr\app\Controllers\Jobs.php(502): CodeIgniter\Debug\Exceptions->errorHandler(2, 'Undefined array...', 'D:\\xampp\\htdocs...', 502)
#1 D:\xampp\htdocs\bhghr\system\CodeIgniter.php(832): App\Controllers\Jobs->positions_data()
#2 D:\xampp\htdocs\bhghr\system\CodeIgniter.php(419): CodeIgniter\CodeIgniter->runController(Object(App\Controllers\Jobs))
#3 D:\xampp\htdocs\bhghr\system\CodeIgniter.php(326): CodeIgniter\CodeIgniter->handleRequest(NULL, Object(Config\Cache), false)
#4 D:\xampp\htdocs\bhghr\index.php(37): CodeIgniter\CodeIgniter->run()
#5 {main}
CRITICAL - 2022-07-04 06:01:37 --> Undefined array key "gradeID"
#0 D:\xampp\htdocs\bhghr\app\Controllers\Jobs.php(502): CodeIgniter\Debug\Exceptions->errorHandler(2, 'Undefined array...', 'D:\\xampp\\htdocs...', 502)
#1 D:\xampp\htdocs\bhghr\system\CodeIgniter.php(832): App\Controllers\Jobs->positions_data()
#2 D:\xampp\htdocs\bhghr\system\CodeIgniter.php(419): CodeIgniter\CodeIgniter->runController(Object(App\Controllers\Jobs))
#3 D:\xampp\htdocs\bhghr\system\CodeIgniter.php(326): CodeIgniter\CodeIgniter->handleRequest(NULL, Object(Config\Cache), false)
#4 D:\xampp\htdocs\bhghr\index.php(37): CodeIgniter\CodeIgniter->run()
#5 {main}
CRITICAL - 2022-07-04 07:02:38 --> Wrong time format: ''
#0 [internal function]: CodeIgniter\Debug\Exceptions->errorHandler(256, 'Wrong time form...', 'D:\\xampp\\htdocs...', 302)
#1 D:\xampp\htdocs\bhghr\app\Views\jobs\view.php(302): trigger_error('Wrong time form...', 256)
#2 D:\xampp\htdocs\bhghr\app\Views\jobs\view.php(278): timeago(NULL)
#3 D:\xampp\htdocs\bhghr\system\View\View.php(210): include('D:\\xampp\\htdocs...')
#4 D:\xampp\htdocs\bhghr\system\View\View.php(213): CodeIgniter\View\View->CodeIgniter\View\{closure}()
#5 D:\xampp\htdocs\bhghr\system\Common.php(1089): CodeIgniter\View\View->render('jobs/view', Array, true)
#6 D:\xampp\htdocs\bhghr\app\Controllers\Jobs.php(163): view('jobs/view', Array)
#7 D:\xampp\htdocs\bhghr\system\CodeIgniter.php(832): App\Controllers\Jobs->view('18')
#8 D:\xampp\htdocs\bhghr\system\CodeIgniter.php(419): CodeIgniter\CodeIgniter->runController(Object(App\Controllers\Jobs))
#9 D:\xampp\htdocs\bhghr\system\CodeIgniter.php(326): CodeIgniter\CodeIgniter->handleRequest(NULL, Object(Config\Cache), false)
#10 D:\xampp\htdocs\bhghr\index.php(37): CodeIgniter\CodeIgniter->run()
#11 {main}
CRITICAL - 2022-07-04 07:25:48 --> Undefined array key 0
#0 D:\xampp\htdocs\bhghr\app\Controllers\Aprovals.php(198): CodeIgniter\Debug\Exceptions->errorHandler(2, 'Undefined array...', 'D:\\xampp\\htdocs...', 198)
#1 D:\xampp\htdocs\bhghr\system\CodeIgniter.php(832): App\Controllers\Aprovals->jobview('18')
#2 D:\xampp\htdocs\bhghr\system\CodeIgniter.php(419): CodeIgniter\CodeIgniter->runController(Object(App\Controllers\Aprovals))
#3 D:\xampp\htdocs\bhghr\system\CodeIgniter.php(326): CodeIgniter\CodeIgniter->handleRequest(NULL, Object(Config\Cache), false)
#4 D:\xampp\htdocs\bhghr\index.php(37): CodeIgniter\CodeIgniter->run()
#5 {main}
CRITICAL - 2022-07-04 07:48:58 --> Wrong time format: ''
#0 [internal function]: CodeIgniter\Debug\Exceptions->errorHandler(256, 'Wrong time form...', 'D:\\xampp\\htdocs...', 302)
#1 D:\xampp\htdocs\bhghr\app\Views\jobs\view.php(302): trigger_error('Wrong time form...', 256)
#2 D:\xampp\htdocs\bhghr\app\Views\jobs\view.php(278): timeago(NULL)
#3 D:\xampp\htdocs\bhghr\system\View\View.php(210): include('D:\\xampp\\htdocs...')
#4 D:\xampp\htdocs\bhghr\system\View\View.php(213): CodeIgniter\View\View->CodeIgniter\View\{closure}()
#5 D:\xampp\htdocs\bhghr\system\Common.php(1089): CodeIgniter\View\View->render('jobs/view', Array, true)
#6 D:\xampp\htdocs\bhghr\app\Controllers\Jobs.php(163): view('jobs/view', Array)
#7 D:\xampp\htdocs\bhghr\system\CodeIgniter.php(832): App\Controllers\Jobs->view('18')
#8 D:\xampp\htdocs\bhghr\system\CodeIgniter.php(419): CodeIgniter\CodeIgniter->runController(Object(App\Controllers\Jobs))
#9 D:\xampp\htdocs\bhghr\system\CodeIgniter.php(326): CodeIgniter\CodeIgniter->handleRequest(NULL, Object(Config\Cache), false)
#10 D:\xampp\htdocs\bhghr\index.php(37): CodeIgniter\CodeIgniter->run()
#11 {main}
CRITICAL - 2022-07-04 07:49:01 --> Wrong time format: ''
#0 [internal function]: CodeIgniter\Debug\Exceptions->errorHandler(256, 'Wrong time form...', 'D:\\xampp\\htdocs...', 302)
#1 D:\xampp\htdocs\bhghr\app\Views\jobs\view.php(302): trigger_error('Wrong time form...', 256)
#2 D:\xampp\htdocs\bhghr\app\Views\jobs\view.php(278): timeago(NULL)
#3 D:\xampp\htdocs\bhghr\system\View\View.php(210): include('D:\\xampp\\htdocs...')
#4 D:\xampp\htdocs\bhghr\system\View\View.php(213): CodeIgniter\View\View->CodeIgniter\View\{closure}()
#5 D:\xampp\htdocs\bhghr\system\Common.php(1089): CodeIgniter\View\View->render('jobs/view', Array, true)
#6 D:\xampp\htdocs\bhghr\app\Controllers\Jobs.php(163): view('jobs/view', Array)
#7 D:\xampp\htdocs\bhghr\system\CodeIgniter.php(832): App\Controllers\Jobs->view('18')
#8 D:\xampp\htdocs\bhghr\system\CodeIgniter.php(419): CodeIgniter\CodeIgniter->runController(Object(App\Controllers\Jobs))
#9 D:\xampp\htdocs\bhghr\system\CodeIgniter.php(326): CodeIgniter\CodeIgniter->handleRequest(NULL, Object(Config\Cache), false)
#10 D:\xampp\htdocs\bhghr\index.php(37): CodeIgniter\CodeIgniter->run()
#11 {main}
CRITICAL - 2022-07-04 07:52:36 --> Wrong time format: ''
#0 [internal function]: CodeIgniter\Debug\Exceptions->errorHandler(256, 'Wrong time form...', 'D:\\xampp\\htdocs...', 302)
#1 D:\xampp\htdocs\bhghr\app\Views\jobs\view.php(302): trigger_error('Wrong time form...', 256)
#2 D:\xampp\htdocs\bhghr\app\Views\jobs\view.php(278): timeago(NULL)
#3 D:\xampp\htdocs\bhghr\system\View\View.php(210): include('D:\\xampp\\htdocs...')
#4 D:\xampp\htdocs\bhghr\system\View\View.php(213): CodeIgniter\View\View->CodeIgniter\View\{closure}()
#5 D:\xampp\htdocs\bhghr\system\Common.php(1089): CodeIgniter\View\View->render('jobs/view', Array, true)
#6 D:\xampp\htdocs\bhghr\app\Controllers\Jobs.php(163): view('jobs/view', Array)
#7 D:\xampp\htdocs\bhghr\system\CodeIgniter.php(832): App\Controllers\Jobs->view('18')
#8 D:\xampp\htdocs\bhghr\system\CodeIgniter.php(419): CodeIgniter\CodeIgniter->runController(Object(App\Controllers\Jobs))
#9 D:\xampp\htdocs\bhghr\system\CodeIgniter.php(326): CodeIgniter\CodeIgniter->handleRequest(NULL, Object(Config\Cache), false)
#10 D:\xampp\htdocs\bhghr\index.php(37): CodeIgniter\CodeIgniter->run()
#11 {main}
CRITICAL - 2022-07-04 23:23:45 --> Wrong time format: ''
#0 [internal function]: CodeIgniter\Debug\Exceptions->errorHandler(256, 'Wrong time form...', 'D:\\xampp\\htdocs...', 302)
#1 D:\xampp\htdocs\bhghr\app\Views\jobs\view.php(302): trigger_error('Wrong time form...', 256)
#2 D:\xampp\htdocs\bhghr\app\Views\jobs\view.php(278): timeago(NULL)
#3 D:\xampp\htdocs\bhghr\system\View\View.php(210): include('D:\\xampp\\htdocs...')
#4 D:\xampp\htdocs\bhghr\system\View\View.php(213): CodeIgniter\View\View->CodeIgniter\View\{closure}()
#5 D:\xampp\htdocs\bhghr\system\Common.php(1089): CodeIgniter\View\View->render('jobs/view', Array, true)
#6 D:\xampp\htdocs\bhghr\app\Controllers\Jobs.php(163): view('jobs/view', Array)
#7 D:\xampp\htdocs\bhghr\system\CodeIgniter.php(832): App\Controllers\Jobs->view('18')
#8 D:\xampp\htdocs\bhghr\system\CodeIgniter.php(419): CodeIgniter\CodeIgniter->runController(Object(App\Controllers\Jobs))
#9 D:\xampp\htdocs\bhghr\system\CodeIgniter.php(326): CodeIgniter\CodeIgniter->handleRequest(NULL, Object(Config\Cache), false)
#10 D:\xampp\htdocs\bhghr\index.php(37): CodeIgniter\CodeIgniter->run()
#11 {main}
CRITICAL - 2022-07-04 23:23:47 --> Wrong time format: ''
#0 [internal function]: CodeIgniter\Debug\Exceptions->errorHandler(256, 'Wrong time form...', 'D:\\xampp\\htdocs...', 302)
#1 D:\xampp\htdocs\bhghr\app\Views\jobs\view.php(302): trigger_error('Wrong time form...', 256)
#2 D:\xampp\htdocs\bhghr\app\Views\jobs\view.php(278): timeago(NULL)
#3 D:\xampp\htdocs\bhghr\system\View\View.php(210): include('D:\\xampp\\htdocs...')
#4 D:\xampp\htdocs\bhghr\system\View\View.php(213): CodeIgniter\View\View->CodeIgniter\View\{closure}()
#5 D:\xampp\htdocs\bhghr\system\Common.php(1089): CodeIgniter\View\View->render('jobs/view', Array, true)
#6 D:\xampp\htdocs\bhghr\app\Controllers\Jobs.php(163): view('jobs/view', Array)
#7 D:\xampp\htdocs\bhghr\system\CodeIgniter.php(832): App\Controllers\Jobs->view('18')
#8 D:\xampp\htdocs\bhghr\system\CodeIgniter.php(419): CodeIgniter\CodeIgniter->runController(Object(App\Controllers\Jobs))
#9 D:\xampp\htdocs\bhghr\system\CodeIgniter.php(326): CodeIgniter\CodeIgniter->handleRequest(NULL, Object(Config\Cache), false)
#10 D:\xampp\htdocs\bhghr\index.php(37): CodeIgniter\CodeIgniter->run()
#11 {main}
CRITICAL - 2022-07-04 23:23:49 --> Wrong time format: ''
#0 [internal function]: CodeIgniter\Debug\Exceptions->errorHandler(256, 'Wrong time form...', 'D:\\xampp\\htdocs...', 302)
#1 D:\xampp\htdocs\bhghr\app\Views\jobs\view.php(302): trigger_error('Wrong time form...', 256)
#2 D:\xampp\htdocs\bhghr\app\Views\jobs\view.php(278): timeago(NULL)
#3 D:\xampp\htdocs\bhghr\system\View\View.php(210): include('D:\\xampp\\htdocs...')
#4 D:\xampp\htdocs\bhghr\system\View\View.php(213): CodeIgniter\View\View->CodeIgniter\View\{closure}()
#5 D:\xampp\htdocs\bhghr\system\Common.php(1089): CodeIgniter\View\View->render('jobs/view', Array, true)
#6 D:\xampp\htdocs\bhghr\app\Controllers\Jobs.php(163): view('jobs/view', Array)
#7 D:\xampp\htdocs\bhghr\system\CodeIgniter.php(832): App\Controllers\Jobs->view('18')
#8 D:\xampp\htdocs\bhghr\system\CodeIgniter.php(419): CodeIgniter\CodeIgniter->runController(Object(App\Controllers\Jobs))
#9 D:\xampp\htdocs\bhghr\system\CodeIgniter.php(326): CodeIgniter\CodeIgniter->handleRequest(NULL, Object(Config\Cache), false)
#10 D:\xampp\htdocs\bhghr\index.php(37): CodeIgniter\CodeIgniter->run()
#11 {main}
CRITICAL - 2022-07-04 23:25:11 --> Wrong time format: ''
#0 [internal function]: CodeIgniter\Debug\Exceptions->errorHandler(256, 'Wrong time form...', 'D:\\xampp\\htdocs...', 302)
#1 D:\xampp\htdocs\bhghr\app\Views\jobs\view.php(302): trigger_error('Wrong time form...', 256)
#2 D:\xampp\htdocs\bhghr\app\Views\jobs\view.php(278): timeago(NULL)
#3 D:\xampp\htdocs\bhghr\system\View\View.php(210): include('D:\\xampp\\htdocs...')
#4 D:\xampp\htdocs\bhghr\system\View\View.php(213): CodeIgniter\View\View->CodeIgniter\View\{closure}()
#5 D:\xampp\htdocs\bhghr\system\Common.php(1089): CodeIgniter\View\View->render('jobs/view', Array, true)
#6 D:\xampp\htdocs\bhghr\app\Controllers\Jobs.php(163): view('jobs/view', Array)
#7 D:\xampp\htdocs\bhghr\system\CodeIgniter.php(832): App\Controllers\Jobs->view('18')
#8 D:\xampp\htdocs\bhghr\system\CodeIgniter.php(419): CodeIgniter\CodeIgniter->runController(Object(App\Controllers\Jobs))
#9 D:\xampp\htdocs\bhghr\system\CodeIgniter.php(326): CodeIgniter\CodeIgniter->handleRequest(NULL, Object(Config\Cache), false)
#10 D:\xampp\htdocs\bhghr\index.php(37): CodeIgniter\CodeIgniter->run()
#11 {main}
