CRITICAL - 2022-07-22 01:29:08 --> The PHP GD extension is required, but is not installed.
#0 D:\xampp\htdocs\bhghr\vendor\dompdf\dompdf\src\Adapter\CPDF.php(846): Dompdf\Cpdf->addPngFromFile('C:\\Users\\Faisal...', 66.265748031496, 179.74419396325, 177, 132)
#1 D:\xampp\htdocs\bhghr\vendor\dompdf\dompdf\src\Renderer\Image.php(65): Dompdf\Adapter\CPDF->image('C:\\Users\\Faisal...', 66.265748031496, 530.14580603675, 177, 132, 'normal')
#2 D:\xampp\htdocs\bhghr\vendor\dompdf\dompdf\src\Renderer.php(290): Dompdf\Renderer\Image->render(Object(Dompdf\FrameDecorator\Image))
#3 D:\xampp\htdocs\bhghr\vendor\dompdf\dompdf\src\Renderer.php(127): Dompdf\Renderer->_render_frame('image', Object(Dompdf\FrameDecorator\Image))
#4 D:\xampp\htdocs\bhghr\vendor\dompdf\dompdf\src\Renderer.php(194): Dompdf\Renderer->render(Object(Dompdf\FrameDecorator\Image))
#5 D:\xampp\htdocs\bhghr\vendor\dompdf\dompdf\src\Renderer.php(194): Dompdf\Renderer->render(Object(Dompdf\FrameDecorator\TableCell))
#6 D:\xampp\htdocs\bhghr\vendor\dompdf\dompdf\src\Renderer.php(194): Dompdf\Renderer->render(Object(Dompdf\FrameDecorator\TableRow))
#7 D:\xampp\htdocs\bhghr\vendor\dompdf\dompdf\src\Renderer.php(194): Dompdf\Renderer->render(Object(Dompdf\FrameDecorator\TableRowGroup))
#8 D:\xampp\htdocs\bhghr\vendor\dompdf\dompdf\src\Renderer.php(194): Dompdf\Renderer->render(Object(Dompdf\FrameDecorator\Table))
#9 D:\xampp\htdocs\bhghr\vendor\dompdf\dompdf\src\Renderer.php(194): Dompdf\Renderer->render(Object(Dompdf\FrameDecorator\Block))
#10 D:\xampp\htdocs\bhghr\vendor\dompdf\dompdf\src\Renderer.php(194): Dompdf\Renderer->render(Object(Dompdf\FrameDecorator\Block))
#11 D:\xampp\htdocs\bhghr\vendor\dompdf\dompdf\src\FrameReflower\Page.php(150): Dompdf\Renderer->render(Object(Dompdf\FrameDecorator\Block))
#12 D:\xampp\htdocs\bhghr\vendor\dompdf\dompdf\src\FrameDecorator\AbstractFrameDecorator.php(891): Dompdf\FrameReflower\Page->reflow(NULL)
#13 D:\xampp\htdocs\bhghr\vendor\dompdf\dompdf\src\Dompdf.php(820): Dompdf\FrameDecorator\AbstractFrameDecorator->reflow()
#14 D:\xampp\htdocs\bhghr\app\Controllers\Jobapplications.php(660): Dompdf\Dompdf->render()
#15 D:\xampp\htdocs\bhghr\system\CodeIgniter.php(832): App\Controllers\Jobapplications->jobOfffer('5', '647', '15')
#16 D:\xampp\htdocs\bhghr\system\CodeIgniter.php(419): CodeIgniter\CodeIgniter->runController(Object(App\Controllers\Jobapplications))
#17 D:\xampp\htdocs\bhghr\system\CodeIgniter.php(326): CodeIgniter\CodeIgniter->handleRequest(NULL, Object(Config\Cache), false)
#18 D:\xampp\htdocs\bhghr\index.php(37): CodeIgniter\CodeIgniter->run()
#19 {main}
CRITICAL - 2022-07-22 01:29:10 --> Allowed memory size of 268435456 bytes exhausted (tried to allocate 123736064 bytes)
#0 [internal function]: CodeIgniter\Debug\Exceptions->shutdownHandler()
#1 {main}
CRITICAL - 2022-07-22 01:54:37 --> Undefined array key "offerLetterType"
#0 D:\xampp\htdocs\bhghr\app\Controllers\Jobapplications.php(618): CodeIgniter\Debug\Exceptions->errorHandler(2, 'Undefined array...', 'D:\\xampp\\htdocs...', 618)
#1 D:\xampp\htdocs\bhghr\system\CodeIgniter.php(832): App\Controllers\Jobapplications->jobOfffer('2', '13', '2')
#2 D:\xampp\htdocs\bhghr\system\CodeIgniter.php(419): CodeIgniter\CodeIgniter->runController(Object(App\Controllers\Jobapplications))
#3 D:\xampp\htdocs\bhghr\system\CodeIgniter.php(326): CodeIgniter\CodeIgniter->handleRequest(NULL, Object(Config\Cache), false)
#4 D:\xampp\htdocs\bhghr\index.php(37): CodeIgniter\CodeIgniter->run()
#5 {main}
CRITICAL - 2022-07-22 02:57:05 --> Undefined variable $departmentId
#0 D:\xampp\htdocs\bhghr\app\Views\general\position_select.php(20): CodeIgniter\Debug\Exceptions->errorHandler(2, 'Undefined varia...', 'D:\\xampp\\htdocs...', 20)
#1 D:\xampp\htdocs\bhghr\system\View\View.php(210): include('D:\\xampp\\htdocs...')
#2 D:\xampp\htdocs\bhghr\system\View\View.php(213): CodeIgniter\View\View->CodeIgniter\View\{closure}()
#3 D:\xampp\htdocs\bhghr\system\Common.php(1089): CodeIgniter\View\View->render('general/positio...', Array, true)
#4 D:\xampp\htdocs\bhghr\app\Controllers\Hrms.php(538): view('general/positio...', Array)
#5 D:\xampp\htdocs\bhghr\system\CodeIgniter.php(832): App\Controllers\Hrms->get_position_grade()
#6 D:\xampp\htdocs\bhghr\system\CodeIgniter.php(419): CodeIgniter\CodeIgniter->runController(Object(App\Controllers\Hrms))
#7 D:\xampp\htdocs\bhghr\system\CodeIgniter.php(326): CodeIgniter\CodeIgniter->handleRequest(NULL, Object(Config\Cache), false)
#8 D:\xampp\htdocs\bhghr\index.php(37): CodeIgniter\CodeIgniter->run()
#9 {main}
CRITICAL - 2022-07-22 07:36:37 --> Undefined array key ""
#0 D:\xampp\htdocs\bhghr\app\Controllers\Jobapplications.php(553): CodeIgniter\Debug\Exceptions->errorHandler(2, 'Undefined array...', 'D:\\xampp\\htdocs...', 553)
#1 D:\xampp\htdocs\bhghr\system\CodeIgniter.php(832): App\Controllers\Jobapplications->get_model_offer()
#2 D:\xampp\htdocs\bhghr\system\CodeIgniter.php(419): CodeIgniter\CodeIgniter->runController(Object(App\Controllers\Jobapplications))
#3 D:\xampp\htdocs\bhghr\system\CodeIgniter.php(326): CodeIgniter\CodeIgniter->handleRequest(NULL, Object(Config\Cache), false)
#4 D:\xampp\htdocs\bhghr\index.php(37): CodeIgniter\CodeIgniter->run()
#5 {main}
