CRITICAL - 2022-07-24 23:19:34 --> The PHP GD extension is required, but is not installed.
#0 D:\xampp\htdocs\bhghr\vendor\dompdf\dompdf\src\Adapter\CPDF.php(846): Dompdf\Cpdf->addPngFromFile('C:\\Users\\Faisal...', 36.265748031496, 738.53819396325, 522.74850393701, 67.086058005249)
#1 D:\xampp\htdocs\bhghr\vendor\dompdf\dompdf\src\Renderer\Image.php(65): Dompdf\Adapter\CPDF->image('C:\\Users\\Faisal...', 36.265748031496, 36.265748031496, 522.74850393701, 67.086058005249, 'normal')
#2 D:\xampp\htdocs\bhghr\vendor\dompdf\dompdf\src\Renderer.php(290): Dompdf\Renderer\Image->render(Object(Dompdf\FrameDecorator\Image))
#3 D:\xampp\htdocs\bhghr\vendor\dompdf\dompdf\src\Renderer.php(127): Dompdf\Renderer->_render_frame('image', Object(Dompdf\FrameDecorator\Image))
#4 D:\xampp\htdocs\bhghr\vendor\dompdf\dompdf\src\Renderer.php(194): Dompdf\Renderer->render(Object(Dompdf\FrameDecorator\Image))
#5 D:\xampp\htdocs\bhghr\vendor\dompdf\dompdf\src\Renderer.php(194): Dompdf\Renderer->render(Object(Dompdf\FrameDecorator\TableCell))
#6 D:\xampp\htdocs\bhghr\vendor\dompdf\dompdf\src\Renderer.php(194): Dompdf\Renderer->render(Object(Dompdf\FrameDecorator\TableRow))
#7 D:\xampp\htdocs\bhghr\vendor\dompdf\dompdf\src\Renderer.php(194): Dompdf\Renderer->render(Object(Dompdf\FrameDecorator\TableRowGroup))
#8 D:\xampp\htdocs\bhghr\vendor\dompdf\dompdf\src\Renderer.php(194): Dompdf\Renderer->render(Object(Dompdf\FrameDecorator\Table))
#9 D:\xampp\htdocs\bhghr\vendor\dompdf\dompdf\src\FrameReflower\Page.php(150): Dompdf\Renderer->render(Object(Dompdf\FrameDecorator\Block))
#10 D:\xampp\htdocs\bhghr\vendor\dompdf\dompdf\src\FrameDecorator\AbstractFrameDecorator.php(891): Dompdf\FrameReflower\Page->reflow(NULL)
#11 D:\xampp\htdocs\bhghr\vendor\dompdf\dompdf\src\Dompdf.php(820): Dompdf\FrameDecorator\AbstractFrameDecorator->reflow()
#12 D:\xampp\htdocs\bhghr\app\Controllers\Jobapplications.php(640): Dompdf\Dompdf->render()
#13 D:\xampp\htdocs\bhghr\system\CodeIgniter.php(832): App\Controllers\Jobapplications->jobOfffer('2', '13', '2')
#14 D:\xampp\htdocs\bhghr\system\CodeIgniter.php(419): CodeIgniter\CodeIgniter->runController(Object(App\Controllers\Jobapplications))
#15 D:\xampp\htdocs\bhghr\system\CodeIgniter.php(326): CodeIgniter\CodeIgniter->handleRequest(NULL, Object(Config\Cache), false)
#16 D:\xampp\htdocs\bhghr\index.php(37): CodeIgniter\CodeIgniter->run()
#17 {main}
CRITICAL - 2022-07-24 23:19:36 --> Allowed memory size of 268435456 bytes exhausted (tried to allocate 125833216 bytes)
#0 [internal function]: CodeIgniter\Debug\Exceptions->shutdownHandler()
#1 {main}
CRITICAL - 2022-07-24 23:33:42 --> The PHP GD extension is required, but is not installed.
#0 D:\xampp\htdocs\bhghr\vendor\dompdf\dompdf\src\Adapter\CPDF.php(846): Dompdf\Cpdf->addPngFromFile('C:\\Users\\Faisal...', 36.265748031496, 738.53819396325, 522.74850393701, 67.086058005249)
#1 D:\xampp\htdocs\bhghr\vendor\dompdf\dompdf\src\Renderer\Image.php(65): Dompdf\Adapter\CPDF->image('C:\\Users\\Faisal...', 36.265748031496, 36.265748031496, 522.74850393701, 67.086058005249, 'normal')
#2 D:\xampp\htdocs\bhghr\vendor\dompdf\dompdf\src\Renderer.php(290): Dompdf\Renderer\Image->render(Object(Dompdf\FrameDecorator\Image))
#3 D:\xampp\htdocs\bhghr\vendor\dompdf\dompdf\src\Renderer.php(127): Dompdf\Renderer->_render_frame('image', Object(Dompdf\FrameDecorator\Image))
#4 D:\xampp\htdocs\bhghr\vendor\dompdf\dompdf\src\Renderer.php(194): Dompdf\Renderer->render(Object(Dompdf\FrameDecorator\Image))
#5 D:\xampp\htdocs\bhghr\vendor\dompdf\dompdf\src\Renderer.php(194): Dompdf\Renderer->render(Object(Dompdf\FrameDecorator\TableCell))
#6 D:\xampp\htdocs\bhghr\vendor\dompdf\dompdf\src\Renderer.php(194): Dompdf\Renderer->render(Object(Dompdf\FrameDecorator\TableRow))
#7 D:\xampp\htdocs\bhghr\vendor\dompdf\dompdf\src\Renderer.php(194): Dompdf\Renderer->render(Object(Dompdf\FrameDecorator\TableRowGroup))
#8 D:\xampp\htdocs\bhghr\vendor\dompdf\dompdf\src\Renderer.php(194): Dompdf\Renderer->render(Object(Dompdf\FrameDecorator\Table))
#9 D:\xampp\htdocs\bhghr\vendor\dompdf\dompdf\src\FrameReflower\Page.php(150): Dompdf\Renderer->render(Object(Dompdf\FrameDecorator\Block))
#10 D:\xampp\htdocs\bhghr\vendor\dompdf\dompdf\src\FrameDecorator\AbstractFrameDecorator.php(891): Dompdf\FrameReflower\Page->reflow(NULL)
#11 D:\xampp\htdocs\bhghr\vendor\dompdf\dompdf\src\Dompdf.php(820): Dompdf\FrameDecorator\AbstractFrameDecorator->reflow()
#12 D:\xampp\htdocs\bhghr\app\Controllers\Jobapplications.php(640): Dompdf\Dompdf->render()
#13 D:\xampp\htdocs\bhghr\system\CodeIgniter.php(832): App\Controllers\Jobapplications->jobOfffer('2', '914', '20')
#14 D:\xampp\htdocs\bhghr\system\CodeIgniter.php(419): CodeIgniter\CodeIgniter->runController(Object(App\Controllers\Jobapplications))
#15 D:\xampp\htdocs\bhghr\system\CodeIgniter.php(326): CodeIgniter\CodeIgniter->handleRequest(NULL, Object(Config\Cache), false)
#16 D:\xampp\htdocs\bhghr\index.php(37): CodeIgniter\CodeIgniter->run()
#17 {main}
CRITICAL - 2022-07-24 23:33:44 --> Allowed memory size of 268435456 bytes exhausted (tried to allocate 125833216 bytes)
#0 [internal function]: CodeIgniter\Debug\Exceptions->shutdownHandler()
#1 {main}
