CRITICAL - 2022-05-27 07:37:00 --> Undefined array key "proposalStatus"
#0 D:\xampp\htdocs\bhghr\app\Views\jobsapplication\job_applications.php(235): CodeIgniter\Debug\Exceptions->errorHandler(2, 'Undefined array...', 'D:\\xampp\\htdocs...', 235)
#1 D:\xampp\htdocs\bhghr\system\View\View.php(210): include('D:\\xampp\\htdocs...')
#2 D:\xampp\htdocs\bhghr\system\View\View.php(213): CodeIgniter\View\View->CodeIgniter\View\{closure}()
#3 D:\xampp\htdocs\bhghr\system\Common.php(1089): CodeIgniter\View\View->render('jobsapplication...', Array, true)
#4 D:\xampp\htdocs\bhghr\app\Controllers\Jobapplications.php(46): view('jobsapplication...', Array)
#5 D:\xampp\htdocs\bhghr\system\CodeIgniter.php(832): App\Controllers\Jobapplications->applications('0', '8')
#6 D:\xampp\htdocs\bhghr\system\CodeIgniter.php(419): CodeIgniter\CodeIgniter->runController(Object(App\Controllers\Jobapplications))
#7 D:\xampp\htdocs\bhghr\system\CodeIgniter.php(326): CodeIgniter\CodeIgniter->handleRequest(NULL, Object(Config\Cache), false)
#8 D:\xampp\htdocs\bhghr\index.php(37): CodeIgniter\CodeIgniter->run()
#9 {main}
CRITICAL - 2022-05-27 07:37:04 --> Undefined array key "proposalStatus"
#0 D:\xampp\htdocs\bhghr\app\Views\jobsapplication\job_applications.php(235): CodeIgniter\Debug\Exceptions->errorHandler(2, 'Undefined array...', 'D:\\xampp\\htdocs...', 235)
#1 D:\xampp\htdocs\bhghr\system\View\View.php(210): include('D:\\xampp\\htdocs...')
#2 D:\xampp\htdocs\bhghr\system\View\View.php(213): CodeIgniter\View\View->CodeIgniter\View\{closure}()
#3 D:\xampp\htdocs\bhghr\system\Common.php(1089): CodeIgniter\View\View->render('jobsapplication...', Array, true)
#4 D:\xampp\htdocs\bhghr\app\Controllers\Jobapplications.php(46): view('jobsapplication...', Array)
#5 D:\xampp\htdocs\bhghr\system\CodeIgniter.php(832): App\Controllers\Jobapplications->applications('0', '8')
#6 D:\xampp\htdocs\bhghr\system\CodeIgniter.php(419): CodeIgniter\CodeIgniter->runController(Object(App\Controllers\Jobapplications))
#7 D:\xampp\htdocs\bhghr\system\CodeIgniter.php(326): CodeIgniter\CodeIgniter->handleRequest(NULL, Object(Config\Cache), false)
#8 D:\xampp\htdocs\bhghr\index.php(37): CodeIgniter\CodeIgniter->run()
#9 {main}
