ERROR - 2022-03-07 01:13:17 --> Error connecting to the database: No connection could be made because the target machine actively refused it
CRITICAL - 2022-03-07 01:13:17 --> Unable to connect to the database.
Main connection [MySQLi]: No connection could be made because the target machine actively refused it
#0 D:\xampp\htdocs\bhghr\system\Database\BaseConnection.php(577): CodeIgniter\Database\BaseConnection->initialize()
#1 D:\xampp\htdocs\bhghr\system\Database\BaseBuilder.php(1455): CodeIgniter\Database\BaseConnection->query('SELECT *\nFROM `...', Array, false)
#2 D:\xampp\htdocs\bhghr\system\Model.php(210): CodeIgniter\Database\BaseBuilder->get()
#3 D:\xampp\htdocs\bhghr\system\BaseModel.php(622): CodeIgniter\Model->doFirst()
#4 D:\xampp\htdocs\bhghr\app\Controllers\User.php(112): CodeIgniter\BaseModel->first()
#5 D:\xampp\htdocs\bhghr\system\CodeIgniter.php(832): App\Controllers\User->profile()
#6 D:\xampp\htdocs\bhghr\system\CodeIgniter.php(419): CodeIgniter\CodeIgniter->runController(Object(App\Controllers\User))
#7 D:\xampp\htdocs\bhghr\system\CodeIgniter.php(326): CodeIgniter\CodeIgniter->handleRequest(NULL, Object(Config\Cache), false)
#8 D:\xampp\htdocs\bhghr\index.php(37): CodeIgniter\CodeIgniter->run()
#9 {main}
ERROR - 2022-03-07 03:11:47 --> Error connecting to the database: No connection could be made because the target machine actively refused it
CRITICAL - 2022-03-07 03:11:47 --> Unable to connect to the database.
Main connection [MySQLi]: No connection could be made because the target machine actively refused it
#0 D:\xampp\htdocs\bhghr\system\Database\BaseConnection.php(577): CodeIgniter\Database\BaseConnection->initialize()
#1 D:\xampp\htdocs\bhghr\system\Database\BaseBuilder.php(1455): CodeIgniter\Database\BaseConnection->query('SELECT *\nFROM `...', Array, false)
#2 D:\xampp\htdocs\bhghr\system\Model.php(210): CodeIgniter\Database\BaseBuilder->get()
#3 D:\xampp\htdocs\bhghr\system\BaseModel.php(622): CodeIgniter\Model->doFirst()
#4 D:\xampp\htdocs\bhghr\app\Controllers\User.php(112): CodeIgniter\BaseModel->first()
#5 D:\xampp\htdocs\bhghr\system\CodeIgniter.php(832): App\Controllers\User->profile()
#6 D:\xampp\htdocs\bhghr\system\CodeIgniter.php(419): CodeIgniter\CodeIgniter->runController(Object(App\Controllers\User))
#7 D:\xampp\htdocs\bhghr\system\CodeIgniter.php(326): CodeIgniter\CodeIgniter->handleRequest(NULL, Object(Config\Cache), false)
#8 D:\xampp\htdocs\bhghr\index.php(37): CodeIgniter\CodeIgniter->run()
#9 {main}
CRITICAL - 2022-03-07 05:25:48 --> Undefined array key "divisionsId"
#0 D:\xampp\htdocs\bhghr\app\Views\positions\edit.php(144): CodeIgniter\Debug\Exceptions->errorHandler(2, 'Undefined array...', 'D:\\xampp\\htdocs...', 144)
#1 D:\xampp\htdocs\bhghr\system\View\View.php(210): include('D:\\xampp\\htdocs...')
#2 D:\xampp\htdocs\bhghr\system\View\View.php(213): CodeIgniter\View\View->CodeIgniter\View\{closure}()
#3 D:\xampp\htdocs\bhghr\system\Common.php(1089): CodeIgniter\View\View->render('positions/edit', Array, true)
#4 D:\xampp\htdocs\bhghr\app\Controllers\Hrms.php(449): view('positions/edit', Array)
#5 D:\xampp\htdocs\bhghr\system\CodeIgniter.php(832): App\Controllers\Hrms->edit_position('21')
#6 D:\xampp\htdocs\bhghr\system\CodeIgniter.php(419): CodeIgniter\CodeIgniter->runController(Object(App\Controllers\Hrms))
#7 D:\xampp\htdocs\bhghr\system\CodeIgniter.php(326): CodeIgniter\CodeIgniter->handleRequest(NULL, Object(Config\Cache), false)
#8 D:\xampp\htdocs\bhghr\index.php(37): CodeIgniter\CodeIgniter->run()
#9 {main}
CRITICAL - 2022-03-07 06:59:56 --> Undefined variable $jobId
#0 D:\xampp\htdocs\bhghr\app\Controllers\Aprovals.php(204): CodeIgniter\Debug\Exceptions->errorHandler(2, 'Undefined varia...', 'D:\\xampp\\htdocs...', 204)
#1 D:\xampp\htdocs\bhghr\system\CodeIgniter.php(832): App\Controllers\Aprovals->jobreject('149')
#2 D:\xampp\htdocs\bhghr\system\CodeIgniter.php(419): CodeIgniter\CodeIgniter->runController(Object(App\Controllers\Aprovals))
#3 D:\xampp\htdocs\bhghr\system\CodeIgniter.php(326): CodeIgniter\CodeIgniter->handleRequest(NULL, Object(Config\Cache), false)
#4 D:\xampp\htdocs\bhghr\index.php(37): CodeIgniter\CodeIgniter->run()
#5 {main}
CRITICAL - 2022-03-07 07:00:27 --> Undefined array key 0
#0 D:\xampp\htdocs\bhghr\app\Controllers\Aprovals.php(149): CodeIgniter\Debug\Exceptions->errorHandler(2, 'Undefined array...', 'D:\\xampp\\htdocs...', 149)
#1 D:\xampp\htdocs\bhghr\system\CodeIgniter.php(832): App\Controllers\Aprovals->jobview('149')
#2 D:\xampp\htdocs\bhghr\system\CodeIgniter.php(419): CodeIgniter\CodeIgniter->runController(Object(App\Controllers\Aprovals))
#3 D:\xampp\htdocs\bhghr\system\CodeIgniter.php(326): CodeIgniter\CodeIgniter->handleRequest(NULL, Object(Config\Cache), false)
#4 D:\xampp\htdocs\bhghr\index.php(37): CodeIgniter\CodeIgniter->run()
#5 {main}
CRITICAL - 2022-03-07 07:04:03 --> Undefined array key 0
#0 D:\xampp\htdocs\bhghr\app\Controllers\Aprovals.php(149): CodeIgniter\Debug\Exceptions->errorHandler(2, 'Undefined array...', 'D:\\xampp\\htdocs...', 149)
#1 D:\xampp\htdocs\bhghr\system\CodeIgniter.php(832): App\Controllers\Aprovals->jobview('151')
#2 D:\xampp\htdocs\bhghr\system\CodeIgniter.php(419): CodeIgniter\CodeIgniter->runController(Object(App\Controllers\Aprovals))
#3 D:\xampp\htdocs\bhghr\system\CodeIgniter.php(326): CodeIgniter\CodeIgniter->handleRequest(NULL, Object(Config\Cache), false)
#4 D:\xampp\htdocs\bhghr\index.php(37): CodeIgniter\CodeIgniter->run()
#5 {main}
CRITICAL - 2022-03-07 07:12:31 --> Undefined variable $pannelCole
#0 D:\xampp\htdocs\bhghr\app\Views\jobsapplication\application_details.php(347): CodeIgniter\Debug\Exceptions->errorHandler(2, 'Undefined varia...', 'D:\\xampp\\htdocs...', 347)
#1 D:\xampp\htdocs\bhghr\system\View\View.php(210): include('D:\\xampp\\htdocs...')
#2 D:\xampp\htdocs\bhghr\system\View\View.php(213): CodeIgniter\View\View->CodeIgniter\View\{closure}()
#3 D:\xampp\htdocs\bhghr\system\Common.php(1089): CodeIgniter\View\View->render('jobsapplication...', Array, true)
#4 D:\xampp\htdocs\bhghr\app\Controllers\Jobapplications.php(127): view('jobsapplication...', Array)
#5 D:\xampp\htdocs\bhghr\system\CodeIgniter.php(832): App\Controllers\Jobapplications->application_details('8')
#6 D:\xampp\htdocs\bhghr\system\CodeIgniter.php(419): CodeIgniter\CodeIgniter->runController(Object(App\Controllers\Jobapplications))
#7 D:\xampp\htdocs\bhghr\system\CodeIgniter.php(326): CodeIgniter\CodeIgniter->handleRequest(NULL, Object(Config\Cache), false)
#8 D:\xampp\htdocs\bhghr\index.php(37): CodeIgniter\CodeIgniter->run()
#9 {main}
