CRITICAL - 2022-06-17 08:24:15 --> Trying to access array offset on value of type null
#0 D:\xampp\htdocs\bhghr\app\Controllers\Jobs.php(159): CodeIgniter\Debug\Exceptions->errorHandler(2, 'Trying to acces...', 'D:\\xampp\\htdocs...', 159)
#1 D:\xampp\htdocs\bhghr\system\CodeIgniter.php(832): App\Controllers\Jobs->view('17')
#2 D:\xampp\htdocs\bhghr\system\CodeIgniter.php(419): CodeIgniter\CodeIgniter->runController(Object(App\Controllers\Jobs))
#3 D:\xampp\htdocs\bhghr\system\CodeIgniter.php(326): CodeIgniter\CodeIgniter->handleRequest(NULL, Object(Config\Cache), false)
#4 D:\xampp\htdocs\bhghr\index.php(37): CodeIgniter\CodeIgniter->run()
#5 {main}
CRITICAL - 2022-06-17 08:28:45 --> Undefined array key 0
#0 D:\xampp\htdocs\bhghr\app\Controllers\Jobs.php(159): CodeIgniter\Debug\Exceptions->errorHandler(2, 'Undefined array...', 'D:\\xampp\\htdocs...', 159)
#1 D:\xampp\htdocs\bhghr\system\CodeIgniter.php(832): App\Controllers\Jobs->view('17')
#2 D:\xampp\htdocs\bhghr\system\CodeIgniter.php(419): CodeIgniter\CodeIgniter->runController(Object(App\Controllers\Jobs))
#3 D:\xampp\htdocs\bhghr\system\CodeIgniter.php(326): CodeIgniter\CodeIgniter->handleRequest(NULL, Object(Config\Cache), false)
#4 D:\xampp\htdocs\bhghr\index.php(37): CodeIgniter\CodeIgniter->run()
#5 {main}
CRITICAL - 2022-06-17 10:48:07 --> Undefined array key "gradeID"
#0 D:\xampp\htdocs\bhghr\app\Controllers\Jobs.php(467): CodeIgniter\Debug\Exceptions->errorHandler(2, 'Undefined array...', 'D:\\xampp\\htdocs...', 467)
#1 D:\xampp\htdocs\bhghr\system\CodeIgniter.php(832): App\Controllers\Jobs->positions_data()
#2 D:\xampp\htdocs\bhghr\system\CodeIgniter.php(419): CodeIgniter\CodeIgniter->runController(Object(App\Controllers\Jobs))
#3 D:\xampp\htdocs\bhghr\system\CodeIgniter.php(326): CodeIgniter\CodeIgniter->handleRequest(NULL, Object(Config\Cache), false)
#4 D:\xampp\htdocs\bhghr\index.php(37): CodeIgniter\CodeIgniter->run()
#5 {main}
CRITICAL - 2022-06-17 10:48:08 --> Undefined array key "gradeID"
#0 D:\xampp\htdocs\bhghr\app\Controllers\Jobs.php(467): CodeIgniter\Debug\Exceptions->errorHandler(2, 'Undefined array...', 'D:\\xampp\\htdocs...', 467)
#1 D:\xampp\htdocs\bhghr\system\CodeIgniter.php(832): App\Controllers\Jobs->positions_data()
#2 D:\xampp\htdocs\bhghr\system\CodeIgniter.php(419): CodeIgniter\CodeIgniter->runController(Object(App\Controllers\Jobs))
#3 D:\xampp\htdocs\bhghr\system\CodeIgniter.php(326): CodeIgniter\CodeIgniter->handleRequest(NULL, Object(Config\Cache), false)
#4 D:\xampp\htdocs\bhghr\index.php(37): CodeIgniter\CodeIgniter->run()
#5 {main}
CRITICAL - 2022-06-17 15:26:47 --> Undefined array key "gradeID"
#0 D:\xampp\htdocs\bhghr\app\Controllers\Jobs.php(467): CodeIgniter\Debug\Exceptions->errorHandler(2, 'Undefined array...', 'D:\\xampp\\htdocs...', 467)
#1 D:\xampp\htdocs\bhghr\system\CodeIgniter.php(832): App\Controllers\Jobs->positions_data()
#2 D:\xampp\htdocs\bhghr\system\CodeIgniter.php(419): CodeIgniter\CodeIgniter->runController(Object(App\Controllers\Jobs))
#3 D:\xampp\htdocs\bhghr\system\CodeIgniter.php(326): CodeIgniter\CodeIgniter->handleRequest(NULL, Object(Config\Cache), false)
#4 D:\xampp\htdocs\bhghr\index.php(37): CodeIgniter\CodeIgniter->run()
#5 {main}
CRITICAL - 2022-06-17 15:26:48 --> Undefined array key "gradeID"
#0 D:\xampp\htdocs\bhghr\app\Controllers\Jobs.php(467): CodeIgniter\Debug\Exceptions->errorHandler(2, 'Undefined array...', 'D:\\xampp\\htdocs...', 467)
#1 D:\xampp\htdocs\bhghr\system\CodeIgniter.php(832): App\Controllers\Jobs->positions_data()
#2 D:\xampp\htdocs\bhghr\system\CodeIgniter.php(419): CodeIgniter\CodeIgniter->runController(Object(App\Controllers\Jobs))
#3 D:\xampp\htdocs\bhghr\system\CodeIgniter.php(326): CodeIgniter\CodeIgniter->handleRequest(NULL, Object(Config\Cache), false)
#4 D:\xampp\htdocs\bhghr\index.php(37): CodeIgniter\CodeIgniter->run()
#5 {main}
CRITICAL - 2022-06-17 15:29:02 --> Undefined array key "gradeID"
#0 D:\xampp\htdocs\bhghr\app\Controllers\Jobs.php(467): CodeIgniter\Debug\Exceptions->errorHandler(2, 'Undefined array...', 'D:\\xampp\\htdocs...', 467)
#1 D:\xampp\htdocs\bhghr\system\CodeIgniter.php(832): App\Controllers\Jobs->positions_data()
#2 D:\xampp\htdocs\bhghr\system\CodeIgniter.php(419): CodeIgniter\CodeIgniter->runController(Object(App\Controllers\Jobs))
#3 D:\xampp\htdocs\bhghr\system\CodeIgniter.php(326): CodeIgniter\CodeIgniter->handleRequest(NULL, Object(Config\Cache), false)
#4 D:\xampp\htdocs\bhghr\index.php(37): CodeIgniter\CodeIgniter->run()
#5 {main}
CRITICAL - 2022-06-17 15:29:03 --> Undefined array key "gradeID"
#0 D:\xampp\htdocs\bhghr\app\Controllers\Jobs.php(467): CodeIgniter\Debug\Exceptions->errorHandler(2, 'Undefined array...', 'D:\\xampp\\htdocs...', 467)
#1 D:\xampp\htdocs\bhghr\system\CodeIgniter.php(832): App\Controllers\Jobs->positions_data()
#2 D:\xampp\htdocs\bhghr\system\CodeIgniter.php(419): CodeIgniter\CodeIgniter->runController(Object(App\Controllers\Jobs))
#3 D:\xampp\htdocs\bhghr\system\CodeIgniter.php(326): CodeIgniter\CodeIgniter->handleRequest(NULL, Object(Config\Cache), false)
#4 D:\xampp\htdocs\bhghr\index.php(37): CodeIgniter\CodeIgniter->run()
#5 {main}
CRITICAL - 2022-06-17 15:29:55 --> Undefined array key "gradeID"
#0 D:\xampp\htdocs\bhghr\app\Controllers\Jobs.php(467): CodeIgniter\Debug\Exceptions->errorHandler(2, 'Undefined array...', 'D:\\xampp\\htdocs...', 467)
#1 D:\xampp\htdocs\bhghr\system\CodeIgniter.php(832): App\Controllers\Jobs->positions_data()
#2 D:\xampp\htdocs\bhghr\system\CodeIgniter.php(419): CodeIgniter\CodeIgniter->runController(Object(App\Controllers\Jobs))
#3 D:\xampp\htdocs\bhghr\system\CodeIgniter.php(326): CodeIgniter\CodeIgniter->handleRequest(NULL, Object(Config\Cache), false)
#4 D:\xampp\htdocs\bhghr\index.php(37): CodeIgniter\CodeIgniter->run()
#5 {main}
CRITICAL - 2022-06-17 15:29:56 --> Undefined array key "gradeID"
#0 D:\xampp\htdocs\bhghr\app\Controllers\Jobs.php(467): CodeIgniter\Debug\Exceptions->errorHandler(2, 'Undefined array...', 'D:\\xampp\\htdocs...', 467)
#1 D:\xampp\htdocs\bhghr\system\CodeIgniter.php(832): App\Controllers\Jobs->positions_data()
#2 D:\xampp\htdocs\bhghr\system\CodeIgniter.php(419): CodeIgniter\CodeIgniter->runController(Object(App\Controllers\Jobs))
#3 D:\xampp\htdocs\bhghr\system\CodeIgniter.php(326): CodeIgniter\CodeIgniter->handleRequest(NULL, Object(Config\Cache), false)
#4 D:\xampp\htdocs\bhghr\index.php(37): CodeIgniter\CodeIgniter->run()
#5 {main}
CRITICAL - 2022-06-17 15:30:45 --> Undefined array key "gradeID"
#0 D:\xampp\htdocs\bhghr\app\Controllers\Jobs.php(467): CodeIgniter\Debug\Exceptions->errorHandler(2, 'Undefined array...', 'D:\\xampp\\htdocs...', 467)
#1 D:\xampp\htdocs\bhghr\system\CodeIgniter.php(832): App\Controllers\Jobs->positions_data()
#2 D:\xampp\htdocs\bhghr\system\CodeIgniter.php(419): CodeIgniter\CodeIgniter->runController(Object(App\Controllers\Jobs))
#3 D:\xampp\htdocs\bhghr\system\CodeIgniter.php(326): CodeIgniter\CodeIgniter->handleRequest(NULL, Object(Config\Cache), false)
#4 D:\xampp\htdocs\bhghr\index.php(37): CodeIgniter\CodeIgniter->run()
#5 {main}
CRITICAL - 2022-06-17 15:30:46 --> Undefined array key "gradeID"
#0 D:\xampp\htdocs\bhghr\app\Controllers\Jobs.php(467): CodeIgniter\Debug\Exceptions->errorHandler(2, 'Undefined array...', 'D:\\xampp\\htdocs...', 467)
#1 D:\xampp\htdocs\bhghr\system\CodeIgniter.php(832): App\Controllers\Jobs->positions_data()
#2 D:\xampp\htdocs\bhghr\system\CodeIgniter.php(419): CodeIgniter\CodeIgniter->runController(Object(App\Controllers\Jobs))
#3 D:\xampp\htdocs\bhghr\system\CodeIgniter.php(326): CodeIgniter\CodeIgniter->handleRequest(NULL, Object(Config\Cache), false)
#4 D:\xampp\htdocs\bhghr\index.php(37): CodeIgniter\CodeIgniter->run()
#5 {main}
CRITICAL - 2022-06-17 15:31:36 --> Undefined array key "gradeID"
#0 D:\xampp\htdocs\bhghr\app\Controllers\Jobs.php(467): CodeIgniter\Debug\Exceptions->errorHandler(2, 'Undefined array...', 'D:\\xampp\\htdocs...', 467)
#1 D:\xampp\htdocs\bhghr\system\CodeIgniter.php(832): App\Controllers\Jobs->positions_data()
#2 D:\xampp\htdocs\bhghr\system\CodeIgniter.php(419): CodeIgniter\CodeIgniter->runController(Object(App\Controllers\Jobs))
#3 D:\xampp\htdocs\bhghr\system\CodeIgniter.php(326): CodeIgniter\CodeIgniter->handleRequest(NULL, Object(Config\Cache), false)
#4 D:\xampp\htdocs\bhghr\index.php(37): CodeIgniter\CodeIgniter->run()
#5 {main}
CRITICAL - 2022-06-17 15:31:37 --> Undefined array key "gradeID"
#0 D:\xampp\htdocs\bhghr\app\Controllers\Jobs.php(467): CodeIgniter\Debug\Exceptions->errorHandler(2, 'Undefined array...', 'D:\\xampp\\htdocs...', 467)
#1 D:\xampp\htdocs\bhghr\system\CodeIgniter.php(832): App\Controllers\Jobs->positions_data()
#2 D:\xampp\htdocs\bhghr\system\CodeIgniter.php(419): CodeIgniter\CodeIgniter->runController(Object(App\Controllers\Jobs))
#3 D:\xampp\htdocs\bhghr\system\CodeIgniter.php(326): CodeIgniter\CodeIgniter->handleRequest(NULL, Object(Config\Cache), false)
#4 D:\xampp\htdocs\bhghr\index.php(37): CodeIgniter\CodeIgniter->run()
#5 {main}
CRITICAL - 2022-06-17 15:32:24 --> Undefined array key "gradeID"
#0 D:\xampp\htdocs\bhghr\app\Controllers\Jobs.php(467): CodeIgniter\Debug\Exceptions->errorHandler(2, 'Undefined array...', 'D:\\xampp\\htdocs...', 467)
#1 D:\xampp\htdocs\bhghr\system\CodeIgniter.php(832): App\Controllers\Jobs->positions_data()
#2 D:\xampp\htdocs\bhghr\system\CodeIgniter.php(419): CodeIgniter\CodeIgniter->runController(Object(App\Controllers\Jobs))
#3 D:\xampp\htdocs\bhghr\system\CodeIgniter.php(326): CodeIgniter\CodeIgniter->handleRequest(NULL, Object(Config\Cache), false)
#4 D:\xampp\htdocs\bhghr\index.php(37): CodeIgniter\CodeIgniter->run()
#5 {main}
CRITICAL - 2022-06-17 15:32:26 --> Undefined array key "gradeID"
#0 D:\xampp\htdocs\bhghr\app\Controllers\Jobs.php(467): CodeIgniter\Debug\Exceptions->errorHandler(2, 'Undefined array...', 'D:\\xampp\\htdocs...', 467)
#1 D:\xampp\htdocs\bhghr\system\CodeIgniter.php(832): App\Controllers\Jobs->positions_data()
#2 D:\xampp\htdocs\bhghr\system\CodeIgniter.php(419): CodeIgniter\CodeIgniter->runController(Object(App\Controllers\Jobs))
#3 D:\xampp\htdocs\bhghr\system\CodeIgniter.php(326): CodeIgniter\CodeIgniter->handleRequest(NULL, Object(Config\Cache), false)
#4 D:\xampp\htdocs\bhghr\index.php(37): CodeIgniter\CodeIgniter->run()
#5 {main}
CRITICAL - 2022-06-17 15:33:26 --> Undefined array key "gradeID"
#0 D:\xampp\htdocs\bhghr\app\Controllers\Jobs.php(467): CodeIgniter\Debug\Exceptions->errorHandler(2, 'Undefined array...', 'D:\\xampp\\htdocs...', 467)
#1 D:\xampp\htdocs\bhghr\system\CodeIgniter.php(832): App\Controllers\Jobs->positions_data()
#2 D:\xampp\htdocs\bhghr\system\CodeIgniter.php(419): CodeIgniter\CodeIgniter->runController(Object(App\Controllers\Jobs))
#3 D:\xampp\htdocs\bhghr\system\CodeIgniter.php(326): CodeIgniter\CodeIgniter->handleRequest(NULL, Object(Config\Cache), false)
#4 D:\xampp\htdocs\bhghr\index.php(37): CodeIgniter\CodeIgniter->run()
#5 {main}
CRITICAL - 2022-06-17 15:33:27 --> Undefined array key "gradeID"
#0 D:\xampp\htdocs\bhghr\app\Controllers\Jobs.php(467): CodeIgniter\Debug\Exceptions->errorHandler(2, 'Undefined array...', 'D:\\xampp\\htdocs...', 467)
#1 D:\xampp\htdocs\bhghr\system\CodeIgniter.php(832): App\Controllers\Jobs->positions_data()
#2 D:\xampp\htdocs\bhghr\system\CodeIgniter.php(419): CodeIgniter\CodeIgniter->runController(Object(App\Controllers\Jobs))
#3 D:\xampp\htdocs\bhghr\system\CodeIgniter.php(326): CodeIgniter\CodeIgniter->handleRequest(NULL, Object(Config\Cache), false)
#4 D:\xampp\htdocs\bhghr\index.php(37): CodeIgniter\CodeIgniter->run()
#5 {main}
CRITICAL - 2022-06-17 15:34:08 --> Undefined array key "gradeID"
#0 D:\xampp\htdocs\bhghr\app\Controllers\Jobs.php(467): CodeIgniter\Debug\Exceptions->errorHandler(2, 'Undefined array...', 'D:\\xampp\\htdocs...', 467)
#1 D:\xampp\htdocs\bhghr\system\CodeIgniter.php(832): App\Controllers\Jobs->positions_data()
#2 D:\xampp\htdocs\bhghr\system\CodeIgniter.php(419): CodeIgniter\CodeIgniter->runController(Object(App\Controllers\Jobs))
#3 D:\xampp\htdocs\bhghr\system\CodeIgniter.php(326): CodeIgniter\CodeIgniter->handleRequest(NULL, Object(Config\Cache), false)
#4 D:\xampp\htdocs\bhghr\index.php(37): CodeIgniter\CodeIgniter->run()
#5 {main}
CRITICAL - 2022-06-17 15:34:09 --> Undefined array key "gradeID"
#0 D:\xampp\htdocs\bhghr\app\Controllers\Jobs.php(467): CodeIgniter\Debug\Exceptions->errorHandler(2, 'Undefined array...', 'D:\\xampp\\htdocs...', 467)
#1 D:\xampp\htdocs\bhghr\system\CodeIgniter.php(832): App\Controllers\Jobs->positions_data()
#2 D:\xampp\htdocs\bhghr\system\CodeIgniter.php(419): CodeIgniter\CodeIgniter->runController(Object(App\Controllers\Jobs))
#3 D:\xampp\htdocs\bhghr\system\CodeIgniter.php(326): CodeIgniter\CodeIgniter->handleRequest(NULL, Object(Config\Cache), false)
#4 D:\xampp\htdocs\bhghr\index.php(37): CodeIgniter\CodeIgniter->run()
#5 {main}
CRITICAL - 2022-06-17 15:34:47 --> Undefined array key "gradeID"
#0 D:\xampp\htdocs\bhghr\app\Controllers\Jobs.php(467): CodeIgniter\Debug\Exceptions->errorHandler(2, 'Undefined array...', 'D:\\xampp\\htdocs...', 467)
#1 D:\xampp\htdocs\bhghr\system\CodeIgniter.php(832): App\Controllers\Jobs->positions_data()
#2 D:\xampp\htdocs\bhghr\system\CodeIgniter.php(419): CodeIgniter\CodeIgniter->runController(Object(App\Controllers\Jobs))
#3 D:\xampp\htdocs\bhghr\system\CodeIgniter.php(326): CodeIgniter\CodeIgniter->handleRequest(NULL, Object(Config\Cache), false)
#4 D:\xampp\htdocs\bhghr\index.php(37): CodeIgniter\CodeIgniter->run()
#5 {main}
CRITICAL - 2022-06-17 15:34:48 --> Undefined array key "gradeID"
#0 D:\xampp\htdocs\bhghr\app\Controllers\Jobs.php(467): CodeIgniter\Debug\Exceptions->errorHandler(2, 'Undefined array...', 'D:\\xampp\\htdocs...', 467)
#1 D:\xampp\htdocs\bhghr\system\CodeIgniter.php(832): App\Controllers\Jobs->positions_data()
#2 D:\xampp\htdocs\bhghr\system\CodeIgniter.php(419): CodeIgniter\CodeIgniter->runController(Object(App\Controllers\Jobs))
#3 D:\xampp\htdocs\bhghr\system\CodeIgniter.php(326): CodeIgniter\CodeIgniter->handleRequest(NULL, Object(Config\Cache), false)
#4 D:\xampp\htdocs\bhghr\index.php(37): CodeIgniter\CodeIgniter->run()
#5 {main}
CRITICAL - 2022-06-17 15:35:29 --> Undefined array key "gradeID"
#0 D:\xampp\htdocs\bhghr\app\Controllers\Jobs.php(467): CodeIgniter\Debug\Exceptions->errorHandler(2, 'Undefined array...', 'D:\\xampp\\htdocs...', 467)
#1 D:\xampp\htdocs\bhghr\system\CodeIgniter.php(832): App\Controllers\Jobs->positions_data()
#2 D:\xampp\htdocs\bhghr\system\CodeIgniter.php(419): CodeIgniter\CodeIgniter->runController(Object(App\Controllers\Jobs))
#3 D:\xampp\htdocs\bhghr\system\CodeIgniter.php(326): CodeIgniter\CodeIgniter->handleRequest(NULL, Object(Config\Cache), false)
#4 D:\xampp\htdocs\bhghr\index.php(37): CodeIgniter\CodeIgniter->run()
#5 {main}
CRITICAL - 2022-06-17 15:35:30 --> Undefined array key "gradeID"
#0 D:\xampp\htdocs\bhghr\app\Controllers\Jobs.php(467): CodeIgniter\Debug\Exceptions->errorHandler(2, 'Undefined array...', 'D:\\xampp\\htdocs...', 467)
#1 D:\xampp\htdocs\bhghr\system\CodeIgniter.php(832): App\Controllers\Jobs->positions_data()
#2 D:\xampp\htdocs\bhghr\system\CodeIgniter.php(419): CodeIgniter\CodeIgniter->runController(Object(App\Controllers\Jobs))
#3 D:\xampp\htdocs\bhghr\system\CodeIgniter.php(326): CodeIgniter\CodeIgniter->handleRequest(NULL, Object(Config\Cache), false)
#4 D:\xampp\htdocs\bhghr\index.php(37): CodeIgniter\CodeIgniter->run()
#5 {main}
CRITICAL - 2022-06-17 15:36:33 --> Undefined array key "gradeID"
#0 D:\xampp\htdocs\bhghr\app\Controllers\Jobs.php(467): CodeIgniter\Debug\Exceptions->errorHandler(2, 'Undefined array...', 'D:\\xampp\\htdocs...', 467)
#1 D:\xampp\htdocs\bhghr\system\CodeIgniter.php(832): App\Controllers\Jobs->positions_data()
#2 D:\xampp\htdocs\bhghr\system\CodeIgniter.php(419): CodeIgniter\CodeIgniter->runController(Object(App\Controllers\Jobs))
#3 D:\xampp\htdocs\bhghr\system\CodeIgniter.php(326): CodeIgniter\CodeIgniter->handleRequest(NULL, Object(Config\Cache), false)
#4 D:\xampp\htdocs\bhghr\index.php(37): CodeIgniter\CodeIgniter->run()
#5 {main}
CRITICAL - 2022-06-17 15:37:36 --> Undefined array key "gradeID"
#0 D:\xampp\htdocs\bhghr\app\Controllers\Jobs.php(467): CodeIgniter\Debug\Exceptions->errorHandler(2, 'Undefined array...', 'D:\\xampp\\htdocs...', 467)
#1 D:\xampp\htdocs\bhghr\system\CodeIgniter.php(832): App\Controllers\Jobs->positions_data()
#2 D:\xampp\htdocs\bhghr\system\CodeIgniter.php(419): CodeIgniter\CodeIgniter->runController(Object(App\Controllers\Jobs))
#3 D:\xampp\htdocs\bhghr\system\CodeIgniter.php(326): CodeIgniter\CodeIgniter->handleRequest(NULL, Object(Config\Cache), false)
#4 D:\xampp\htdocs\bhghr\index.php(37): CodeIgniter\CodeIgniter->run()
#5 {main}
CRITICAL - 2022-06-17 15:37:40 --> Undefined array key "gradeID"
#0 D:\xampp\htdocs\bhghr\app\Controllers\Jobs.php(467): CodeIgniter\Debug\Exceptions->errorHandler(2, 'Undefined array...', 'D:\\xampp\\htdocs...', 467)
#1 D:\xampp\htdocs\bhghr\system\CodeIgniter.php(832): App\Controllers\Jobs->positions_data()
#2 D:\xampp\htdocs\bhghr\system\CodeIgniter.php(419): CodeIgniter\CodeIgniter->runController(Object(App\Controllers\Jobs))
#3 D:\xampp\htdocs\bhghr\system\CodeIgniter.php(326): CodeIgniter\CodeIgniter->handleRequest(NULL, Object(Config\Cache), false)
#4 D:\xampp\htdocs\bhghr\index.php(37): CodeIgniter\CodeIgniter->run()
#5 {main}
CRITICAL - 2022-06-17 15:38:55 --> Undefined array key "gradeID"
#0 D:\xampp\htdocs\bhghr\app\Controllers\Jobs.php(467): CodeIgniter\Debug\Exceptions->errorHandler(2, 'Undefined array...', 'D:\\xampp\\htdocs...', 467)
#1 D:\xampp\htdocs\bhghr\system\CodeIgniter.php(832): App\Controllers\Jobs->positions_data()
#2 D:\xampp\htdocs\bhghr\system\CodeIgniter.php(419): CodeIgniter\CodeIgniter->runController(Object(App\Controllers\Jobs))
#3 D:\xampp\htdocs\bhghr\system\CodeIgniter.php(326): CodeIgniter\CodeIgniter->handleRequest(NULL, Object(Config\Cache), false)
#4 D:\xampp\htdocs\bhghr\index.php(37): CodeIgniter\CodeIgniter->run()
#5 {main}
CRITICAL - 2022-06-17 15:38:59 --> Undefined array key "gradeID"
#0 D:\xampp\htdocs\bhghr\app\Controllers\Jobs.php(467): CodeIgniter\Debug\Exceptions->errorHandler(2, 'Undefined array...', 'D:\\xampp\\htdocs...', 467)
#1 D:\xampp\htdocs\bhghr\system\CodeIgniter.php(832): App\Controllers\Jobs->positions_data()
#2 D:\xampp\htdocs\bhghr\system\CodeIgniter.php(419): CodeIgniter\CodeIgniter->runController(Object(App\Controllers\Jobs))
#3 D:\xampp\htdocs\bhghr\system\CodeIgniter.php(326): CodeIgniter\CodeIgniter->handleRequest(NULL, Object(Config\Cache), false)
#4 D:\xampp\htdocs\bhghr\index.php(37): CodeIgniter\CodeIgniter->run()
#5 {main}
CRITICAL - 2022-06-17 15:40:02 --> Undefined array key "gradeID"
#0 D:\xampp\htdocs\bhghr\app\Controllers\Jobs.php(467): CodeIgniter\Debug\Exceptions->errorHandler(2, 'Undefined array...', 'D:\\xampp\\htdocs...', 467)
#1 D:\xampp\htdocs\bhghr\system\CodeIgniter.php(832): App\Controllers\Jobs->positions_data()
#2 D:\xampp\htdocs\bhghr\system\CodeIgniter.php(419): CodeIgniter\CodeIgniter->runController(Object(App\Controllers\Jobs))
#3 D:\xampp\htdocs\bhghr\system\CodeIgniter.php(326): CodeIgniter\CodeIgniter->handleRequest(NULL, Object(Config\Cache), false)
#4 D:\xampp\htdocs\bhghr\index.php(37): CodeIgniter\CodeIgniter->run()
#5 {main}
CRITICAL - 2022-06-17 15:40:03 --> Undefined array key "gradeID"
#0 D:\xampp\htdocs\bhghr\app\Controllers\Jobs.php(467): CodeIgniter\Debug\Exceptions->errorHandler(2, 'Undefined array...', 'D:\\xampp\\htdocs...', 467)
#1 D:\xampp\htdocs\bhghr\system\CodeIgniter.php(832): App\Controllers\Jobs->positions_data()
#2 D:\xampp\htdocs\bhghr\system\CodeIgniter.php(419): CodeIgniter\CodeIgniter->runController(Object(App\Controllers\Jobs))
#3 D:\xampp\htdocs\bhghr\system\CodeIgniter.php(326): CodeIgniter\CodeIgniter->handleRequest(NULL, Object(Config\Cache), false)
#4 D:\xampp\htdocs\bhghr\index.php(37): CodeIgniter\CodeIgniter->run()
#5 {main}
CRITICAL - 2022-06-17 15:41:00 --> Undefined array key "gradeID"
#0 D:\xampp\htdocs\bhghr\app\Controllers\Jobs.php(467): CodeIgniter\Debug\Exceptions->errorHandler(2, 'Undefined array...', 'D:\\xampp\\htdocs...', 467)
#1 D:\xampp\htdocs\bhghr\system\CodeIgniter.php(832): App\Controllers\Jobs->positions_data()
#2 D:\xampp\htdocs\bhghr\system\CodeIgniter.php(419): CodeIgniter\CodeIgniter->runController(Object(App\Controllers\Jobs))
#3 D:\xampp\htdocs\bhghr\system\CodeIgniter.php(326): CodeIgniter\CodeIgniter->handleRequest(NULL, Object(Config\Cache), false)
#4 D:\xampp\htdocs\bhghr\index.php(37): CodeIgniter\CodeIgniter->run()
#5 {main}
CRITICAL - 2022-06-17 15:41:01 --> Undefined array key "gradeID"
#0 D:\xampp\htdocs\bhghr\app\Controllers\Jobs.php(467): CodeIgniter\Debug\Exceptions->errorHandler(2, 'Undefined array...', 'D:\\xampp\\htdocs...', 467)
#1 D:\xampp\htdocs\bhghr\system\CodeIgniter.php(832): App\Controllers\Jobs->positions_data()
#2 D:\xampp\htdocs\bhghr\system\CodeIgniter.php(419): CodeIgniter\CodeIgniter->runController(Object(App\Controllers\Jobs))
#3 D:\xampp\htdocs\bhghr\system\CodeIgniter.php(326): CodeIgniter\CodeIgniter->handleRequest(NULL, Object(Config\Cache), false)
#4 D:\xampp\htdocs\bhghr\index.php(37): CodeIgniter\CodeIgniter->run()
#5 {main}
CRITICAL - 2022-06-17 15:41:51 --> Undefined array key "gradeID"
#0 D:\xampp\htdocs\bhghr\app\Controllers\Jobs.php(467): CodeIgniter\Debug\Exceptions->errorHandler(2, 'Undefined array...', 'D:\\xampp\\htdocs...', 467)
#1 D:\xampp\htdocs\bhghr\system\CodeIgniter.php(832): App\Controllers\Jobs->positions_data()
#2 D:\xampp\htdocs\bhghr\system\CodeIgniter.php(419): CodeIgniter\CodeIgniter->runController(Object(App\Controllers\Jobs))
#3 D:\xampp\htdocs\bhghr\system\CodeIgniter.php(326): CodeIgniter\CodeIgniter->handleRequest(NULL, Object(Config\Cache), false)
#4 D:\xampp\htdocs\bhghr\index.php(37): CodeIgniter\CodeIgniter->run()
#5 {main}
CRITICAL - 2022-06-17 15:41:53 --> Undefined array key "gradeID"
#0 D:\xampp\htdocs\bhghr\app\Controllers\Jobs.php(467): CodeIgniter\Debug\Exceptions->errorHandler(2, 'Undefined array...', 'D:\\xampp\\htdocs...', 467)
#1 D:\xampp\htdocs\bhghr\system\CodeIgniter.php(832): App\Controllers\Jobs->positions_data()
#2 D:\xampp\htdocs\bhghr\system\CodeIgniter.php(419): CodeIgniter\CodeIgniter->runController(Object(App\Controllers\Jobs))
#3 D:\xampp\htdocs\bhghr\system\CodeIgniter.php(326): CodeIgniter\CodeIgniter->handleRequest(NULL, Object(Config\Cache), false)
#4 D:\xampp\htdocs\bhghr\index.php(37): CodeIgniter\CodeIgniter->run()
#5 {main}
CRITICAL - 2022-06-17 15:42:33 --> Undefined array key "gradeID"
#0 D:\xampp\htdocs\bhghr\app\Controllers\Jobs.php(467): CodeIgniter\Debug\Exceptions->errorHandler(2, 'Undefined array...', 'D:\\xampp\\htdocs...', 467)
#1 D:\xampp\htdocs\bhghr\system\CodeIgniter.php(832): App\Controllers\Jobs->positions_data()
#2 D:\xampp\htdocs\bhghr\system\CodeIgniter.php(419): CodeIgniter\CodeIgniter->runController(Object(App\Controllers\Jobs))
#3 D:\xampp\htdocs\bhghr\system\CodeIgniter.php(326): CodeIgniter\CodeIgniter->handleRequest(NULL, Object(Config\Cache), false)
#4 D:\xampp\htdocs\bhghr\index.php(37): CodeIgniter\CodeIgniter->run()
#5 {main}
CRITICAL - 2022-06-17 15:42:34 --> Undefined array key "gradeID"
#0 D:\xampp\htdocs\bhghr\app\Controllers\Jobs.php(467): CodeIgniter\Debug\Exceptions->errorHandler(2, 'Undefined array...', 'D:\\xampp\\htdocs...', 467)
#1 D:\xampp\htdocs\bhghr\system\CodeIgniter.php(832): App\Controllers\Jobs->positions_data()
#2 D:\xampp\htdocs\bhghr\system\CodeIgniter.php(419): CodeIgniter\CodeIgniter->runController(Object(App\Controllers\Jobs))
#3 D:\xampp\htdocs\bhghr\system\CodeIgniter.php(326): CodeIgniter\CodeIgniter->handleRequest(NULL, Object(Config\Cache), false)
#4 D:\xampp\htdocs\bhghr\index.php(37): CodeIgniter\CodeIgniter->run()
#5 {main}
CRITICAL - 2022-06-17 15:43:24 --> Undefined array key "gradeID"
#0 D:\xampp\htdocs\bhghr\app\Controllers\Jobs.php(467): CodeIgniter\Debug\Exceptions->errorHandler(2, 'Undefined array...', 'D:\\xampp\\htdocs...', 467)
#1 D:\xampp\htdocs\bhghr\system\CodeIgniter.php(832): App\Controllers\Jobs->positions_data()
#2 D:\xampp\htdocs\bhghr\system\CodeIgniter.php(419): CodeIgniter\CodeIgniter->runController(Object(App\Controllers\Jobs))
#3 D:\xampp\htdocs\bhghr\system\CodeIgniter.php(326): CodeIgniter\CodeIgniter->handleRequest(NULL, Object(Config\Cache), false)
#4 D:\xampp\htdocs\bhghr\index.php(37): CodeIgniter\CodeIgniter->run()
#5 {main}
CRITICAL - 2022-06-17 15:43:25 --> Undefined array key "gradeID"
#0 D:\xampp\htdocs\bhghr\app\Controllers\Jobs.php(467): CodeIgniter\Debug\Exceptions->errorHandler(2, 'Undefined array...', 'D:\\xampp\\htdocs...', 467)
#1 D:\xampp\htdocs\bhghr\system\CodeIgniter.php(832): App\Controllers\Jobs->positions_data()
#2 D:\xampp\htdocs\bhghr\system\CodeIgniter.php(419): CodeIgniter\CodeIgniter->runController(Object(App\Controllers\Jobs))
#3 D:\xampp\htdocs\bhghr\system\CodeIgniter.php(326): CodeIgniter\CodeIgniter->handleRequest(NULL, Object(Config\Cache), false)
#4 D:\xampp\htdocs\bhghr\index.php(37): CodeIgniter\CodeIgniter->run()
#5 {main}
CRITICAL - 2022-06-17 15:44:03 --> Undefined array key "gradeID"
#0 D:\xampp\htdocs\bhghr\app\Controllers\Jobs.php(467): CodeIgniter\Debug\Exceptions->errorHandler(2, 'Undefined array...', 'D:\\xampp\\htdocs...', 467)
#1 D:\xampp\htdocs\bhghr\system\CodeIgniter.php(832): App\Controllers\Jobs->positions_data()
#2 D:\xampp\htdocs\bhghr\system\CodeIgniter.php(419): CodeIgniter\CodeIgniter->runController(Object(App\Controllers\Jobs))
#3 D:\xampp\htdocs\bhghr\system\CodeIgniter.php(326): CodeIgniter\CodeIgniter->handleRequest(NULL, Object(Config\Cache), false)
#4 D:\xampp\htdocs\bhghr\index.php(37): CodeIgniter\CodeIgniter->run()
#5 {main}
CRITICAL - 2022-06-17 15:44:04 --> Undefined array key "gradeID"
#0 D:\xampp\htdocs\bhghr\app\Controllers\Jobs.php(467): CodeIgniter\Debug\Exceptions->errorHandler(2, 'Undefined array...', 'D:\\xampp\\htdocs...', 467)
#1 D:\xampp\htdocs\bhghr\system\CodeIgniter.php(832): App\Controllers\Jobs->positions_data()
#2 D:\xampp\htdocs\bhghr\system\CodeIgniter.php(419): CodeIgniter\CodeIgniter->runController(Object(App\Controllers\Jobs))
#3 D:\xampp\htdocs\bhghr\system\CodeIgniter.php(326): CodeIgniter\CodeIgniter->handleRequest(NULL, Object(Config\Cache), false)
#4 D:\xampp\htdocs\bhghr\index.php(37): CodeIgniter\CodeIgniter->run()
#5 {main}
CRITICAL - 2022-06-17 15:44:47 --> Undefined array key "gradeID"
#0 D:\xampp\htdocs\bhghr\app\Controllers\Jobs.php(467): CodeIgniter\Debug\Exceptions->errorHandler(2, 'Undefined array...', 'D:\\xampp\\htdocs...', 467)
#1 D:\xampp\htdocs\bhghr\system\CodeIgniter.php(832): App\Controllers\Jobs->positions_data()
#2 D:\xampp\htdocs\bhghr\system\CodeIgniter.php(419): CodeIgniter\CodeIgniter->runController(Object(App\Controllers\Jobs))
#3 D:\xampp\htdocs\bhghr\system\CodeIgniter.php(326): CodeIgniter\CodeIgniter->handleRequest(NULL, Object(Config\Cache), false)
#4 D:\xampp\htdocs\bhghr\index.php(37): CodeIgniter\CodeIgniter->run()
#5 {main}
CRITICAL - 2022-06-17 15:44:48 --> Undefined array key "gradeID"
#0 D:\xampp\htdocs\bhghr\app\Controllers\Jobs.php(467): CodeIgniter\Debug\Exceptions->errorHandler(2, 'Undefined array...', 'D:\\xampp\\htdocs...', 467)
#1 D:\xampp\htdocs\bhghr\system\CodeIgniter.php(832): App\Controllers\Jobs->positions_data()
#2 D:\xampp\htdocs\bhghr\system\CodeIgniter.php(419): CodeIgniter\CodeIgniter->runController(Object(App\Controllers\Jobs))
#3 D:\xampp\htdocs\bhghr\system\CodeIgniter.php(326): CodeIgniter\CodeIgniter->handleRequest(NULL, Object(Config\Cache), false)
#4 D:\xampp\htdocs\bhghr\index.php(37): CodeIgniter\CodeIgniter->run()
#5 {main}
CRITICAL - 2022-06-17 15:45:28 --> Undefined array key "gradeID"
#0 D:\xampp\htdocs\bhghr\app\Controllers\Jobs.php(467): CodeIgniter\Debug\Exceptions->errorHandler(2, 'Undefined array...', 'D:\\xampp\\htdocs...', 467)
#1 D:\xampp\htdocs\bhghr\system\CodeIgniter.php(832): App\Controllers\Jobs->positions_data()
#2 D:\xampp\htdocs\bhghr\system\CodeIgniter.php(419): CodeIgniter\CodeIgniter->runController(Object(App\Controllers\Jobs))
#3 D:\xampp\htdocs\bhghr\system\CodeIgniter.php(326): CodeIgniter\CodeIgniter->handleRequest(NULL, Object(Config\Cache), false)
#4 D:\xampp\htdocs\bhghr\index.php(37): CodeIgniter\CodeIgniter->run()
#5 {main}
CRITICAL - 2022-06-17 15:45:29 --> Undefined array key "gradeID"
#0 D:\xampp\htdocs\bhghr\app\Controllers\Jobs.php(467): CodeIgniter\Debug\Exceptions->errorHandler(2, 'Undefined array...', 'D:\\xampp\\htdocs...', 467)
#1 D:\xampp\htdocs\bhghr\system\CodeIgniter.php(832): App\Controllers\Jobs->positions_data()
#2 D:\xampp\htdocs\bhghr\system\CodeIgniter.php(419): CodeIgniter\CodeIgniter->runController(Object(App\Controllers\Jobs))
#3 D:\xampp\htdocs\bhghr\system\CodeIgniter.php(326): CodeIgniter\CodeIgniter->handleRequest(NULL, Object(Config\Cache), false)
#4 D:\xampp\htdocs\bhghr\index.php(37): CodeIgniter\CodeIgniter->run()
#5 {main}
CRITICAL - 2022-06-17 15:46:12 --> Undefined array key "gradeID"
#0 D:\xampp\htdocs\bhghr\app\Controllers\Jobs.php(467): CodeIgniter\Debug\Exceptions->errorHandler(2, 'Undefined array...', 'D:\\xampp\\htdocs...', 467)
#1 D:\xampp\htdocs\bhghr\system\CodeIgniter.php(832): App\Controllers\Jobs->positions_data()
#2 D:\xampp\htdocs\bhghr\system\CodeIgniter.php(419): CodeIgniter\CodeIgniter->runController(Object(App\Controllers\Jobs))
#3 D:\xampp\htdocs\bhghr\system\CodeIgniter.php(326): CodeIgniter\CodeIgniter->handleRequest(NULL, Object(Config\Cache), false)
#4 D:\xampp\htdocs\bhghr\index.php(37): CodeIgniter\CodeIgniter->run()
#5 {main}
CRITICAL - 2022-06-17 15:46:13 --> Undefined array key "gradeID"
#0 D:\xampp\htdocs\bhghr\app\Controllers\Jobs.php(467): CodeIgniter\Debug\Exceptions->errorHandler(2, 'Undefined array...', 'D:\\xampp\\htdocs...', 467)
#1 D:\xampp\htdocs\bhghr\system\CodeIgniter.php(832): App\Controllers\Jobs->positions_data()
#2 D:\xampp\htdocs\bhghr\system\CodeIgniter.php(419): CodeIgniter\CodeIgniter->runController(Object(App\Controllers\Jobs))
#3 D:\xampp\htdocs\bhghr\system\CodeIgniter.php(326): CodeIgniter\CodeIgniter->handleRequest(NULL, Object(Config\Cache), false)
#4 D:\xampp\htdocs\bhghr\index.php(37): CodeIgniter\CodeIgniter->run()
#5 {main}
CRITICAL - 2022-06-17 15:46:53 --> Undefined array key "gradeID"
#0 D:\xampp\htdocs\bhghr\app\Controllers\Jobs.php(467): CodeIgniter\Debug\Exceptions->errorHandler(2, 'Undefined array...', 'D:\\xampp\\htdocs...', 467)
#1 D:\xampp\htdocs\bhghr\system\CodeIgniter.php(832): App\Controllers\Jobs->positions_data()
#2 D:\xampp\htdocs\bhghr\system\CodeIgniter.php(419): CodeIgniter\CodeIgniter->runController(Object(App\Controllers\Jobs))
#3 D:\xampp\htdocs\bhghr\system\CodeIgniter.php(326): CodeIgniter\CodeIgniter->handleRequest(NULL, Object(Config\Cache), false)
#4 D:\xampp\htdocs\bhghr\index.php(37): CodeIgniter\CodeIgniter->run()
#5 {main}
CRITICAL - 2022-06-17 15:46:54 --> Undefined array key "gradeID"
#0 D:\xampp\htdocs\bhghr\app\Controllers\Jobs.php(467): CodeIgniter\Debug\Exceptions->errorHandler(2, 'Undefined array...', 'D:\\xampp\\htdocs...', 467)
#1 D:\xampp\htdocs\bhghr\system\CodeIgniter.php(832): App\Controllers\Jobs->positions_data()
#2 D:\xampp\htdocs\bhghr\system\CodeIgniter.php(419): CodeIgniter\CodeIgniter->runController(Object(App\Controllers\Jobs))
#3 D:\xampp\htdocs\bhghr\system\CodeIgniter.php(326): CodeIgniter\CodeIgniter->handleRequest(NULL, Object(Config\Cache), false)
#4 D:\xampp\htdocs\bhghr\index.php(37): CodeIgniter\CodeIgniter->run()
#5 {main}
CRITICAL - 2022-06-17 15:47:45 --> Undefined array key "gradeID"
#0 D:\xampp\htdocs\bhghr\app\Controllers\Jobs.php(467): CodeIgniter\Debug\Exceptions->errorHandler(2, 'Undefined array...', 'D:\\xampp\\htdocs...', 467)
#1 D:\xampp\htdocs\bhghr\system\CodeIgniter.php(832): App\Controllers\Jobs->positions_data()
#2 D:\xampp\htdocs\bhghr\system\CodeIgniter.php(419): CodeIgniter\CodeIgniter->runController(Object(App\Controllers\Jobs))
#3 D:\xampp\htdocs\bhghr\system\CodeIgniter.php(326): CodeIgniter\CodeIgniter->handleRequest(NULL, Object(Config\Cache), false)
#4 D:\xampp\htdocs\bhghr\index.php(37): CodeIgniter\CodeIgniter->run()
#5 {main}
CRITICAL - 2022-06-17 15:47:47 --> Undefined array key "gradeID"
#0 D:\xampp\htdocs\bhghr\app\Controllers\Jobs.php(467): CodeIgniter\Debug\Exceptions->errorHandler(2, 'Undefined array...', 'D:\\xampp\\htdocs...', 467)
#1 D:\xampp\htdocs\bhghr\system\CodeIgniter.php(832): App\Controllers\Jobs->positions_data()
#2 D:\xampp\htdocs\bhghr\system\CodeIgniter.php(419): CodeIgniter\CodeIgniter->runController(Object(App\Controllers\Jobs))
#3 D:\xampp\htdocs\bhghr\system\CodeIgniter.php(326): CodeIgniter\CodeIgniter->handleRequest(NULL, Object(Config\Cache), false)
#4 D:\xampp\htdocs\bhghr\index.php(37): CodeIgniter\CodeIgniter->run()
#5 {main}
CRITICAL - 2022-06-17 15:48:35 --> Undefined array key "gradeID"
#0 D:\xampp\htdocs\bhghr\app\Controllers\Jobs.php(467): CodeIgniter\Debug\Exceptions->errorHandler(2, 'Undefined array...', 'D:\\xampp\\htdocs...', 467)
#1 D:\xampp\htdocs\bhghr\system\CodeIgniter.php(832): App\Controllers\Jobs->positions_data()
#2 D:\xampp\htdocs\bhghr\system\CodeIgniter.php(419): CodeIgniter\CodeIgniter->runController(Object(App\Controllers\Jobs))
#3 D:\xampp\htdocs\bhghr\system\CodeIgniter.php(326): CodeIgniter\CodeIgniter->handleRequest(NULL, Object(Config\Cache), false)
#4 D:\xampp\htdocs\bhghr\index.php(37): CodeIgniter\CodeIgniter->run()
#5 {main}
CRITICAL - 2022-06-17 15:48:35 --> Undefined array key "gradeID"
#0 D:\xampp\htdocs\bhghr\app\Controllers\Jobs.php(467): CodeIgniter\Debug\Exceptions->errorHandler(2, 'Undefined array...', 'D:\\xampp\\htdocs...', 467)
#1 D:\xampp\htdocs\bhghr\system\CodeIgniter.php(832): App\Controllers\Jobs->positions_data()
#2 D:\xampp\htdocs\bhghr\system\CodeIgniter.php(419): CodeIgniter\CodeIgniter->runController(Object(App\Controllers\Jobs))
#3 D:\xampp\htdocs\bhghr\system\CodeIgniter.php(326): CodeIgniter\CodeIgniter->handleRequest(NULL, Object(Config\Cache), false)
#4 D:\xampp\htdocs\bhghr\index.php(37): CodeIgniter\CodeIgniter->run()
#5 {main}
CRITICAL - 2022-06-17 15:50:23 --> Undefined array key "gradeID"
#0 D:\xampp\htdocs\bhghr\app\Controllers\Jobs.php(467): CodeIgniter\Debug\Exceptions->errorHandler(2, 'Undefined array...', 'D:\\xampp\\htdocs...', 467)
#1 D:\xampp\htdocs\bhghr\system\CodeIgniter.php(832): App\Controllers\Jobs->positions_data()
#2 D:\xampp\htdocs\bhghr\system\CodeIgniter.php(419): CodeIgniter\CodeIgniter->runController(Object(App\Controllers\Jobs))
#3 D:\xampp\htdocs\bhghr\system\CodeIgniter.php(326): CodeIgniter\CodeIgniter->handleRequest(NULL, Object(Config\Cache), false)
#4 D:\xampp\htdocs\bhghr\index.php(37): CodeIgniter\CodeIgniter->run()
#5 {main}
CRITICAL - 2022-06-17 15:50:24 --> Undefined array key "gradeID"
#0 D:\xampp\htdocs\bhghr\app\Controllers\Jobs.php(467): CodeIgniter\Debug\Exceptions->errorHandler(2, 'Undefined array...', 'D:\\xampp\\htdocs...', 467)
#1 D:\xampp\htdocs\bhghr\system\CodeIgniter.php(832): App\Controllers\Jobs->positions_data()
#2 D:\xampp\htdocs\bhghr\system\CodeIgniter.php(419): CodeIgniter\CodeIgniter->runController(Object(App\Controllers\Jobs))
#3 D:\xampp\htdocs\bhghr\system\CodeIgniter.php(326): CodeIgniter\CodeIgniter->handleRequest(NULL, Object(Config\Cache), false)
#4 D:\xampp\htdocs\bhghr\index.php(37): CodeIgniter\CodeIgniter->run()
#5 {main}
CRITICAL - 2022-06-17 15:51:13 --> Undefined array key "gradeID"
#0 D:\xampp\htdocs\bhghr\app\Controllers\Jobs.php(467): CodeIgniter\Debug\Exceptions->errorHandler(2, 'Undefined array...', 'D:\\xampp\\htdocs...', 467)
#1 D:\xampp\htdocs\bhghr\system\CodeIgniter.php(832): App\Controllers\Jobs->positions_data()
#2 D:\xampp\htdocs\bhghr\system\CodeIgniter.php(419): CodeIgniter\CodeIgniter->runController(Object(App\Controllers\Jobs))
#3 D:\xampp\htdocs\bhghr\system\CodeIgniter.php(326): CodeIgniter\CodeIgniter->handleRequest(NULL, Object(Config\Cache), false)
#4 D:\xampp\htdocs\bhghr\index.php(37): CodeIgniter\CodeIgniter->run()
#5 {main}
CRITICAL - 2022-06-17 15:51:13 --> Undefined array key "gradeID"
#0 D:\xampp\htdocs\bhghr\app\Controllers\Jobs.php(467): CodeIgniter\Debug\Exceptions->errorHandler(2, 'Undefined array...', 'D:\\xampp\\htdocs...', 467)
#1 D:\xampp\htdocs\bhghr\system\CodeIgniter.php(832): App\Controllers\Jobs->positions_data()
#2 D:\xampp\htdocs\bhghr\system\CodeIgniter.php(419): CodeIgniter\CodeIgniter->runController(Object(App\Controllers\Jobs))
#3 D:\xampp\htdocs\bhghr\system\CodeIgniter.php(326): CodeIgniter\CodeIgniter->handleRequest(NULL, Object(Config\Cache), false)
#4 D:\xampp\htdocs\bhghr\index.php(37): CodeIgniter\CodeIgniter->run()
#5 {main}
CRITICAL - 2022-06-17 15:52:01 --> Undefined array key "gradeID"
#0 D:\xampp\htdocs\bhghr\app\Controllers\Jobs.php(467): CodeIgniter\Debug\Exceptions->errorHandler(2, 'Undefined array...', 'D:\\xampp\\htdocs...', 467)
#1 D:\xampp\htdocs\bhghr\system\CodeIgniter.php(832): App\Controllers\Jobs->positions_data()
#2 D:\xampp\htdocs\bhghr\system\CodeIgniter.php(419): CodeIgniter\CodeIgniter->runController(Object(App\Controllers\Jobs))
#3 D:\xampp\htdocs\bhghr\system\CodeIgniter.php(326): CodeIgniter\CodeIgniter->handleRequest(NULL, Object(Config\Cache), false)
#4 D:\xampp\htdocs\bhghr\index.php(37): CodeIgniter\CodeIgniter->run()
#5 {main}
CRITICAL - 2022-06-17 15:52:53 --> Undefined array key "gradeID"
#0 D:\xampp\htdocs\bhghr\app\Controllers\Jobs.php(467): CodeIgniter\Debug\Exceptions->errorHandler(2, 'Undefined array...', 'D:\\xampp\\htdocs...', 467)
#1 D:\xampp\htdocs\bhghr\system\CodeIgniter.php(832): App\Controllers\Jobs->positions_data()
#2 D:\xampp\htdocs\bhghr\system\CodeIgniter.php(419): CodeIgniter\CodeIgniter->runController(Object(App\Controllers\Jobs))
#3 D:\xampp\htdocs\bhghr\system\CodeIgniter.php(326): CodeIgniter\CodeIgniter->handleRequest(NULL, Object(Config\Cache), false)
#4 D:\xampp\htdocs\bhghr\index.php(37): CodeIgniter\CodeIgniter->run()
#5 {main}
CRITICAL - 2022-06-17 15:52:54 --> Undefined array key "gradeID"
#0 D:\xampp\htdocs\bhghr\app\Controllers\Jobs.php(467): CodeIgniter\Debug\Exceptions->errorHandler(2, 'Undefined array...', 'D:\\xampp\\htdocs...', 467)
#1 D:\xampp\htdocs\bhghr\system\CodeIgniter.php(832): App\Controllers\Jobs->positions_data()
#2 D:\xampp\htdocs\bhghr\system\CodeIgniter.php(419): CodeIgniter\CodeIgniter->runController(Object(App\Controllers\Jobs))
#3 D:\xampp\htdocs\bhghr\system\CodeIgniter.php(326): CodeIgniter\CodeIgniter->handleRequest(NULL, Object(Config\Cache), false)
#4 D:\xampp\htdocs\bhghr\index.php(37): CodeIgniter\CodeIgniter->run()
#5 {main}
CRITICAL - 2022-06-17 15:53:46 --> Undefined array key "gradeID"
#0 D:\xampp\htdocs\bhghr\app\Controllers\Jobs.php(467): CodeIgniter\Debug\Exceptions->errorHandler(2, 'Undefined array...', 'D:\\xampp\\htdocs...', 467)
#1 D:\xampp\htdocs\bhghr\system\CodeIgniter.php(832): App\Controllers\Jobs->positions_data()
#2 D:\xampp\htdocs\bhghr\system\CodeIgniter.php(419): CodeIgniter\CodeIgniter->runController(Object(App\Controllers\Jobs))
#3 D:\xampp\htdocs\bhghr\system\CodeIgniter.php(326): CodeIgniter\CodeIgniter->handleRequest(NULL, Object(Config\Cache), false)
#4 D:\xampp\htdocs\bhghr\index.php(37): CodeIgniter\CodeIgniter->run()
#5 {main}
CRITICAL - 2022-06-17 15:53:47 --> Undefined array key "gradeID"
#0 D:\xampp\htdocs\bhghr\app\Controllers\Jobs.php(467): CodeIgniter\Debug\Exceptions->errorHandler(2, 'Undefined array...', 'D:\\xampp\\htdocs...', 467)
#1 D:\xampp\htdocs\bhghr\system\CodeIgniter.php(832): App\Controllers\Jobs->positions_data()
#2 D:\xampp\htdocs\bhghr\system\CodeIgniter.php(419): CodeIgniter\CodeIgniter->runController(Object(App\Controllers\Jobs))
#3 D:\xampp\htdocs\bhghr\system\CodeIgniter.php(326): CodeIgniter\CodeIgniter->handleRequest(NULL, Object(Config\Cache), false)
#4 D:\xampp\htdocs\bhghr\index.php(37): CodeIgniter\CodeIgniter->run()
#5 {main}
CRITICAL - 2022-06-17 15:53:53 --> Undefined array key "gradeID"
#0 D:\xampp\htdocs\bhghr\app\Controllers\Jobs.php(467): CodeIgniter\Debug\Exceptions->errorHandler(2, 'Undefined array...', 'D:\\xampp\\htdocs...', 467)
#1 D:\xampp\htdocs\bhghr\system\CodeIgniter.php(832): App\Controllers\Jobs->positions_data()
#2 D:\xampp\htdocs\bhghr\system\CodeIgniter.php(419): CodeIgniter\CodeIgniter->runController(Object(App\Controllers\Jobs))
#3 D:\xampp\htdocs\bhghr\system\CodeIgniter.php(326): CodeIgniter\CodeIgniter->handleRequest(NULL, Object(Config\Cache), false)
#4 D:\xampp\htdocs\bhghr\index.php(37): CodeIgniter\CodeIgniter->run()
#5 {main}
CRITICAL - 2022-06-17 15:53:54 --> Undefined array key "gradeID"
#0 D:\xampp\htdocs\bhghr\app\Controllers\Jobs.php(467): CodeIgniter\Debug\Exceptions->errorHandler(2, 'Undefined array...', 'D:\\xampp\\htdocs...', 467)
#1 D:\xampp\htdocs\bhghr\system\CodeIgniter.php(832): App\Controllers\Jobs->positions_data()
#2 D:\xampp\htdocs\bhghr\system\CodeIgniter.php(419): CodeIgniter\CodeIgniter->runController(Object(App\Controllers\Jobs))
#3 D:\xampp\htdocs\bhghr\system\CodeIgniter.php(326): CodeIgniter\CodeIgniter->handleRequest(NULL, Object(Config\Cache), false)
#4 D:\xampp\htdocs\bhghr\index.php(37): CodeIgniter\CodeIgniter->run()
#5 {main}
CRITICAL - 2022-06-17 15:54:42 --> Undefined array key "gradeID"
#0 D:\xampp\htdocs\bhghr\app\Controllers\Jobs.php(467): CodeIgniter\Debug\Exceptions->errorHandler(2, 'Undefined array...', 'D:\\xampp\\htdocs...', 467)
#1 D:\xampp\htdocs\bhghr\system\CodeIgniter.php(832): App\Controllers\Jobs->positions_data()
#2 D:\xampp\htdocs\bhghr\system\CodeIgniter.php(419): CodeIgniter\CodeIgniter->runController(Object(App\Controllers\Jobs))
#3 D:\xampp\htdocs\bhghr\system\CodeIgniter.php(326): CodeIgniter\CodeIgniter->handleRequest(NULL, Object(Config\Cache), false)
#4 D:\xampp\htdocs\bhghr\index.php(37): CodeIgniter\CodeIgniter->run()
#5 {main}
CRITICAL - 2022-06-17 15:54:45 --> Undefined array key "gradeID"
#0 D:\xampp\htdocs\bhghr\app\Controllers\Jobs.php(467): CodeIgniter\Debug\Exceptions->errorHandler(2, 'Undefined array...', 'D:\\xampp\\htdocs...', 467)
#1 D:\xampp\htdocs\bhghr\system\CodeIgniter.php(832): App\Controllers\Jobs->positions_data()
#2 D:\xampp\htdocs\bhghr\system\CodeIgniter.php(419): CodeIgniter\CodeIgniter->runController(Object(App\Controllers\Jobs))
#3 D:\xampp\htdocs\bhghr\system\CodeIgniter.php(326): CodeIgniter\CodeIgniter->handleRequest(NULL, Object(Config\Cache), false)
#4 D:\xampp\htdocs\bhghr\index.php(37): CodeIgniter\CodeIgniter->run()
#5 {main}
CRITICAL - 2022-06-17 15:56:01 --> Undefined array key "gradeID"
#0 D:\xampp\htdocs\bhghr\app\Controllers\Jobs.php(467): CodeIgniter\Debug\Exceptions->errorHandler(2, 'Undefined array...', 'D:\\xampp\\htdocs...', 467)
#1 D:\xampp\htdocs\bhghr\system\CodeIgniter.php(832): App\Controllers\Jobs->positions_data()
#2 D:\xampp\htdocs\bhghr\system\CodeIgniter.php(419): CodeIgniter\CodeIgniter->runController(Object(App\Controllers\Jobs))
#3 D:\xampp\htdocs\bhghr\system\CodeIgniter.php(326): CodeIgniter\CodeIgniter->handleRequest(NULL, Object(Config\Cache), false)
#4 D:\xampp\htdocs\bhghr\index.php(37): CodeIgniter\CodeIgniter->run()
#5 {main}
CRITICAL - 2022-06-17 15:56:03 --> Undefined array key "gradeID"
#0 D:\xampp\htdocs\bhghr\app\Controllers\Jobs.php(467): CodeIgniter\Debug\Exceptions->errorHandler(2, 'Undefined array...', 'D:\\xampp\\htdocs...', 467)
#1 D:\xampp\htdocs\bhghr\system\CodeIgniter.php(832): App\Controllers\Jobs->positions_data()
#2 D:\xampp\htdocs\bhghr\system\CodeIgniter.php(419): CodeIgniter\CodeIgniter->runController(Object(App\Controllers\Jobs))
#3 D:\xampp\htdocs\bhghr\system\CodeIgniter.php(326): CodeIgniter\CodeIgniter->handleRequest(NULL, Object(Config\Cache), false)
#4 D:\xampp\htdocs\bhghr\index.php(37): CodeIgniter\CodeIgniter->run()
#5 {main}
CRITICAL - 2022-06-17 15:56:40 --> Undefined array key "gradeID"
#0 D:\xampp\htdocs\bhghr\app\Controllers\Jobs.php(467): CodeIgniter\Debug\Exceptions->errorHandler(2, 'Undefined array...', 'D:\\xampp\\htdocs...', 467)
#1 D:\xampp\htdocs\bhghr\system\CodeIgniter.php(832): App\Controllers\Jobs->positions_data()
#2 D:\xampp\htdocs\bhghr\system\CodeIgniter.php(419): CodeIgniter\CodeIgniter->runController(Object(App\Controllers\Jobs))
#3 D:\xampp\htdocs\bhghr\system\CodeIgniter.php(326): CodeIgniter\CodeIgniter->handleRequest(NULL, Object(Config\Cache), false)
#4 D:\xampp\htdocs\bhghr\index.php(37): CodeIgniter\CodeIgniter->run()
#5 {main}
CRITICAL - 2022-06-17 15:56:41 --> Undefined array key "gradeID"
#0 D:\xampp\htdocs\bhghr\app\Controllers\Jobs.php(467): CodeIgniter\Debug\Exceptions->errorHandler(2, 'Undefined array...', 'D:\\xampp\\htdocs...', 467)
#1 D:\xampp\htdocs\bhghr\system\CodeIgniter.php(832): App\Controllers\Jobs->positions_data()
#2 D:\xampp\htdocs\bhghr\system\CodeIgniter.php(419): CodeIgniter\CodeIgniter->runController(Object(App\Controllers\Jobs))
#3 D:\xampp\htdocs\bhghr\system\CodeIgniter.php(326): CodeIgniter\CodeIgniter->handleRequest(NULL, Object(Config\Cache), false)
#4 D:\xampp\htdocs\bhghr\index.php(37): CodeIgniter\CodeIgniter->run()
#5 {main}
CRITICAL - 2022-06-17 15:58:11 --> Undefined array key "gradeID"
#0 D:\xampp\htdocs\bhghr\app\Controllers\Jobs.php(467): CodeIgniter\Debug\Exceptions->errorHandler(2, 'Undefined array...', 'D:\\xampp\\htdocs...', 467)
#1 D:\xampp\htdocs\bhghr\system\CodeIgniter.php(832): App\Controllers\Jobs->positions_data()
#2 D:\xampp\htdocs\bhghr\system\CodeIgniter.php(419): CodeIgniter\CodeIgniter->runController(Object(App\Controllers\Jobs))
#3 D:\xampp\htdocs\bhghr\system\CodeIgniter.php(326): CodeIgniter\CodeIgniter->handleRequest(NULL, Object(Config\Cache), false)
#4 D:\xampp\htdocs\bhghr\index.php(37): CodeIgniter\CodeIgniter->run()
#5 {main}
CRITICAL - 2022-06-17 15:58:12 --> Undefined array key "gradeID"
#0 D:\xampp\htdocs\bhghr\app\Controllers\Jobs.php(467): CodeIgniter\Debug\Exceptions->errorHandler(2, 'Undefined array...', 'D:\\xampp\\htdocs...', 467)
#1 D:\xampp\htdocs\bhghr\system\CodeIgniter.php(832): App\Controllers\Jobs->positions_data()
#2 D:\xampp\htdocs\bhghr\system\CodeIgniter.php(419): CodeIgniter\CodeIgniter->runController(Object(App\Controllers\Jobs))
#3 D:\xampp\htdocs\bhghr\system\CodeIgniter.php(326): CodeIgniter\CodeIgniter->handleRequest(NULL, Object(Config\Cache), false)
#4 D:\xampp\htdocs\bhghr\index.php(37): CodeIgniter\CodeIgniter->run()
#5 {main}
CRITICAL - 2022-06-17 15:58:48 --> Undefined array key "gradeID"
#0 D:\xampp\htdocs\bhghr\app\Controllers\Jobs.php(467): CodeIgniter\Debug\Exceptions->errorHandler(2, 'Undefined array...', 'D:\\xampp\\htdocs...', 467)
#1 D:\xampp\htdocs\bhghr\system\CodeIgniter.php(832): App\Controllers\Jobs->positions_data()
#2 D:\xampp\htdocs\bhghr\system\CodeIgniter.php(419): CodeIgniter\CodeIgniter->runController(Object(App\Controllers\Jobs))
#3 D:\xampp\htdocs\bhghr\system\CodeIgniter.php(326): CodeIgniter\CodeIgniter->handleRequest(NULL, Object(Config\Cache), false)
#4 D:\xampp\htdocs\bhghr\index.php(37): CodeIgniter\CodeIgniter->run()
#5 {main}
CRITICAL - 2022-06-17 15:58:48 --> Undefined array key "gradeID"
#0 D:\xampp\htdocs\bhghr\app\Controllers\Jobs.php(467): CodeIgniter\Debug\Exceptions->errorHandler(2, 'Undefined array...', 'D:\\xampp\\htdocs...', 467)
#1 D:\xampp\htdocs\bhghr\system\CodeIgniter.php(832): App\Controllers\Jobs->positions_data()
#2 D:\xampp\htdocs\bhghr\system\CodeIgniter.php(419): CodeIgniter\CodeIgniter->runController(Object(App\Controllers\Jobs))
#3 D:\xampp\htdocs\bhghr\system\CodeIgniter.php(326): CodeIgniter\CodeIgniter->handleRequest(NULL, Object(Config\Cache), false)
#4 D:\xampp\htdocs\bhghr\index.php(37): CodeIgniter\CodeIgniter->run()
#5 {main}
CRITICAL - 2022-06-17 15:59:36 --> Undefined array key "gradeID"
#0 D:\xampp\htdocs\bhghr\app\Controllers\Jobs.php(467): CodeIgniter\Debug\Exceptions->errorHandler(2, 'Undefined array...', 'D:\\xampp\\htdocs...', 467)
#1 D:\xampp\htdocs\bhghr\system\CodeIgniter.php(832): App\Controllers\Jobs->positions_data()
#2 D:\xampp\htdocs\bhghr\system\CodeIgniter.php(419): CodeIgniter\CodeIgniter->runController(Object(App\Controllers\Jobs))
#3 D:\xampp\htdocs\bhghr\system\CodeIgniter.php(326): CodeIgniter\CodeIgniter->handleRequest(NULL, Object(Config\Cache), false)
#4 D:\xampp\htdocs\bhghr\index.php(37): CodeIgniter\CodeIgniter->run()
#5 {main}
CRITICAL - 2022-06-17 15:59:38 --> Undefined array key "gradeID"
#0 D:\xampp\htdocs\bhghr\app\Controllers\Jobs.php(467): CodeIgniter\Debug\Exceptions->errorHandler(2, 'Undefined array...', 'D:\\xampp\\htdocs...', 467)
#1 D:\xampp\htdocs\bhghr\system\CodeIgniter.php(832): App\Controllers\Jobs->positions_data()
#2 D:\xampp\htdocs\bhghr\system\CodeIgniter.php(419): CodeIgniter\CodeIgniter->runController(Object(App\Controllers\Jobs))
#3 D:\xampp\htdocs\bhghr\system\CodeIgniter.php(326): CodeIgniter\CodeIgniter->handleRequest(NULL, Object(Config\Cache), false)
#4 D:\xampp\htdocs\bhghr\index.php(37): CodeIgniter\CodeIgniter->run()
#5 {main}
CRITICAL - 2022-06-17 16:00:16 --> Undefined array key "gradeID"
#0 D:\xampp\htdocs\bhghr\app\Controllers\Jobs.php(467): CodeIgniter\Debug\Exceptions->errorHandler(2, 'Undefined array...', 'D:\\xampp\\htdocs...', 467)
#1 D:\xampp\htdocs\bhghr\system\CodeIgniter.php(832): App\Controllers\Jobs->positions_data()
#2 D:\xampp\htdocs\bhghr\system\CodeIgniter.php(419): CodeIgniter\CodeIgniter->runController(Object(App\Controllers\Jobs))
#3 D:\xampp\htdocs\bhghr\system\CodeIgniter.php(326): CodeIgniter\CodeIgniter->handleRequest(NULL, Object(Config\Cache), false)
#4 D:\xampp\htdocs\bhghr\index.php(37): CodeIgniter\CodeIgniter->run()
#5 {main}
CRITICAL - 2022-06-17 16:00:17 --> Undefined array key "gradeID"
#0 D:\xampp\htdocs\bhghr\app\Controllers\Jobs.php(467): CodeIgniter\Debug\Exceptions->errorHandler(2, 'Undefined array...', 'D:\\xampp\\htdocs...', 467)
#1 D:\xampp\htdocs\bhghr\system\CodeIgniter.php(832): App\Controllers\Jobs->positions_data()
#2 D:\xampp\htdocs\bhghr\system\CodeIgniter.php(419): CodeIgniter\CodeIgniter->runController(Object(App\Controllers\Jobs))
#3 D:\xampp\htdocs\bhghr\system\CodeIgniter.php(326): CodeIgniter\CodeIgniter->handleRequest(NULL, Object(Config\Cache), false)
#4 D:\xampp\htdocs\bhghr\index.php(37): CodeIgniter\CodeIgniter->run()
#5 {main}
CRITICAL - 2022-06-17 16:00:50 --> Undefined array key "gradeID"
#0 D:\xampp\htdocs\bhghr\app\Controllers\Jobs.php(467): CodeIgniter\Debug\Exceptions->errorHandler(2, 'Undefined array...', 'D:\\xampp\\htdocs...', 467)
#1 D:\xampp\htdocs\bhghr\system\CodeIgniter.php(832): App\Controllers\Jobs->positions_data()
#2 D:\xampp\htdocs\bhghr\system\CodeIgniter.php(419): CodeIgniter\CodeIgniter->runController(Object(App\Controllers\Jobs))
#3 D:\xampp\htdocs\bhghr\system\CodeIgniter.php(326): CodeIgniter\CodeIgniter->handleRequest(NULL, Object(Config\Cache), false)
#4 D:\xampp\htdocs\bhghr\index.php(37): CodeIgniter\CodeIgniter->run()
#5 {main}
CRITICAL - 2022-06-17 16:00:51 --> Undefined array key "gradeID"
#0 D:\xampp\htdocs\bhghr\app\Controllers\Jobs.php(467): CodeIgniter\Debug\Exceptions->errorHandler(2, 'Undefined array...', 'D:\\xampp\\htdocs...', 467)
#1 D:\xampp\htdocs\bhghr\system\CodeIgniter.php(832): App\Controllers\Jobs->positions_data()
#2 D:\xampp\htdocs\bhghr\system\CodeIgniter.php(419): CodeIgniter\CodeIgniter->runController(Object(App\Controllers\Jobs))
#3 D:\xampp\htdocs\bhghr\system\CodeIgniter.php(326): CodeIgniter\CodeIgniter->handleRequest(NULL, Object(Config\Cache), false)
#4 D:\xampp\htdocs\bhghr\index.php(37): CodeIgniter\CodeIgniter->run()
#5 {main}
CRITICAL - 2022-06-17 16:01:25 --> Undefined array key "gradeID"
#0 D:\xampp\htdocs\bhghr\app\Controllers\Jobs.php(467): CodeIgniter\Debug\Exceptions->errorHandler(2, 'Undefined array...', 'D:\\xampp\\htdocs...', 467)
#1 D:\xampp\htdocs\bhghr\system\CodeIgniter.php(832): App\Controllers\Jobs->positions_data()
#2 D:\xampp\htdocs\bhghr\system\CodeIgniter.php(419): CodeIgniter\CodeIgniter->runController(Object(App\Controllers\Jobs))
#3 D:\xampp\htdocs\bhghr\system\CodeIgniter.php(326): CodeIgniter\CodeIgniter->handleRequest(NULL, Object(Config\Cache), false)
#4 D:\xampp\htdocs\bhghr\index.php(37): CodeIgniter\CodeIgniter->run()
#5 {main}
CRITICAL - 2022-06-17 16:01:26 --> Undefined array key "gradeID"
#0 D:\xampp\htdocs\bhghr\app\Controllers\Jobs.php(467): CodeIgniter\Debug\Exceptions->errorHandler(2, 'Undefined array...', 'D:\\xampp\\htdocs...', 467)
#1 D:\xampp\htdocs\bhghr\system\CodeIgniter.php(832): App\Controllers\Jobs->positions_data()
#2 D:\xampp\htdocs\bhghr\system\CodeIgniter.php(419): CodeIgniter\CodeIgniter->runController(Object(App\Controllers\Jobs))
#3 D:\xampp\htdocs\bhghr\system\CodeIgniter.php(326): CodeIgniter\CodeIgniter->handleRequest(NULL, Object(Config\Cache), false)
#4 D:\xampp\htdocs\bhghr\index.php(37): CodeIgniter\CodeIgniter->run()
#5 {main}
CRITICAL - 2022-06-17 16:02:09 --> Undefined array key "gradeID"
#0 D:\xampp\htdocs\bhghr\app\Controllers\Jobs.php(467): CodeIgniter\Debug\Exceptions->errorHandler(2, 'Undefined array...', 'D:\\xampp\\htdocs...', 467)
#1 D:\xampp\htdocs\bhghr\system\CodeIgniter.php(832): App\Controllers\Jobs->positions_data()
#2 D:\xampp\htdocs\bhghr\system\CodeIgniter.php(419): CodeIgniter\CodeIgniter->runController(Object(App\Controllers\Jobs))
#3 D:\xampp\htdocs\bhghr\system\CodeIgniter.php(326): CodeIgniter\CodeIgniter->handleRequest(NULL, Object(Config\Cache), false)
#4 D:\xampp\htdocs\bhghr\index.php(37): CodeIgniter\CodeIgniter->run()
#5 {main}
CRITICAL - 2022-06-17 16:02:09 --> Undefined array key "gradeID"
#0 D:\xampp\htdocs\bhghr\app\Controllers\Jobs.php(467): CodeIgniter\Debug\Exceptions->errorHandler(2, 'Undefined array...', 'D:\\xampp\\htdocs...', 467)
#1 D:\xampp\htdocs\bhghr\system\CodeIgniter.php(832): App\Controllers\Jobs->positions_data()
#2 D:\xampp\htdocs\bhghr\system\CodeIgniter.php(419): CodeIgniter\CodeIgniter->runController(Object(App\Controllers\Jobs))
#3 D:\xampp\htdocs\bhghr\system\CodeIgniter.php(326): CodeIgniter\CodeIgniter->handleRequest(NULL, Object(Config\Cache), false)
#4 D:\xampp\htdocs\bhghr\index.php(37): CodeIgniter\CodeIgniter->run()
#5 {main}
CRITICAL - 2022-06-17 16:02:57 --> Undefined array key "gradeID"
#0 D:\xampp\htdocs\bhghr\app\Controllers\Jobs.php(467): CodeIgniter\Debug\Exceptions->errorHandler(2, 'Undefined array...', 'D:\\xampp\\htdocs...', 467)
#1 D:\xampp\htdocs\bhghr\system\CodeIgniter.php(832): App\Controllers\Jobs->positions_data()
#2 D:\xampp\htdocs\bhghr\system\CodeIgniter.php(419): CodeIgniter\CodeIgniter->runController(Object(App\Controllers\Jobs))
#3 D:\xampp\htdocs\bhghr\system\CodeIgniter.php(326): CodeIgniter\CodeIgniter->handleRequest(NULL, Object(Config\Cache), false)
#4 D:\xampp\htdocs\bhghr\index.php(37): CodeIgniter\CodeIgniter->run()
#5 {main}
CRITICAL - 2022-06-17 16:03:00 --> Undefined array key "gradeID"
#0 D:\xampp\htdocs\bhghr\app\Controllers\Jobs.php(467): CodeIgniter\Debug\Exceptions->errorHandler(2, 'Undefined array...', 'D:\\xampp\\htdocs...', 467)
#1 D:\xampp\htdocs\bhghr\system\CodeIgniter.php(832): App\Controllers\Jobs->positions_data()
#2 D:\xampp\htdocs\bhghr\system\CodeIgniter.php(419): CodeIgniter\CodeIgniter->runController(Object(App\Controllers\Jobs))
#3 D:\xampp\htdocs\bhghr\system\CodeIgniter.php(326): CodeIgniter\CodeIgniter->handleRequest(NULL, Object(Config\Cache), false)
#4 D:\xampp\htdocs\bhghr\index.php(37): CodeIgniter\CodeIgniter->run()
#5 {main}
CRITICAL - 2022-06-17 16:03:47 --> Undefined array key "gradeID"
#0 D:\xampp\htdocs\bhghr\app\Controllers\Jobs.php(467): CodeIgniter\Debug\Exceptions->errorHandler(2, 'Undefined array...', 'D:\\xampp\\htdocs...', 467)
#1 D:\xampp\htdocs\bhghr\system\CodeIgniter.php(832): App\Controllers\Jobs->positions_data()
#2 D:\xampp\htdocs\bhghr\system\CodeIgniter.php(419): CodeIgniter\CodeIgniter->runController(Object(App\Controllers\Jobs))
#3 D:\xampp\htdocs\bhghr\system\CodeIgniter.php(326): CodeIgniter\CodeIgniter->handleRequest(NULL, Object(Config\Cache), false)
#4 D:\xampp\htdocs\bhghr\index.php(37): CodeIgniter\CodeIgniter->run()
#5 {main}
CRITICAL - 2022-06-17 16:03:48 --> Undefined array key "gradeID"
#0 D:\xampp\htdocs\bhghr\app\Controllers\Jobs.php(467): CodeIgniter\Debug\Exceptions->errorHandler(2, 'Undefined array...', 'D:\\xampp\\htdocs...', 467)
#1 D:\xampp\htdocs\bhghr\system\CodeIgniter.php(832): App\Controllers\Jobs->positions_data()
#2 D:\xampp\htdocs\bhghr\system\CodeIgniter.php(419): CodeIgniter\CodeIgniter->runController(Object(App\Controllers\Jobs))
#3 D:\xampp\htdocs\bhghr\system\CodeIgniter.php(326): CodeIgniter\CodeIgniter->handleRequest(NULL, Object(Config\Cache), false)
#4 D:\xampp\htdocs\bhghr\index.php(37): CodeIgniter\CodeIgniter->run()
#5 {main}
CRITICAL - 2022-06-17 16:04:28 --> Undefined array key "gradeID"
#0 D:\xampp\htdocs\bhghr\app\Controllers\Jobs.php(467): CodeIgniter\Debug\Exceptions->errorHandler(2, 'Undefined array...', 'D:\\xampp\\htdocs...', 467)
#1 D:\xampp\htdocs\bhghr\system\CodeIgniter.php(832): App\Controllers\Jobs->positions_data()
#2 D:\xampp\htdocs\bhghr\system\CodeIgniter.php(419): CodeIgniter\CodeIgniter->runController(Object(App\Controllers\Jobs))
#3 D:\xampp\htdocs\bhghr\system\CodeIgniter.php(326): CodeIgniter\CodeIgniter->handleRequest(NULL, Object(Config\Cache), false)
#4 D:\xampp\htdocs\bhghr\index.php(37): CodeIgniter\CodeIgniter->run()
#5 {main}
CRITICAL - 2022-06-17 16:04:28 --> Undefined array key "gradeID"
#0 D:\xampp\htdocs\bhghr\app\Controllers\Jobs.php(467): CodeIgniter\Debug\Exceptions->errorHandler(2, 'Undefined array...', 'D:\\xampp\\htdocs...', 467)
#1 D:\xampp\htdocs\bhghr\system\CodeIgniter.php(832): App\Controllers\Jobs->positions_data()
#2 D:\xampp\htdocs\bhghr\system\CodeIgniter.php(419): CodeIgniter\CodeIgniter->runController(Object(App\Controllers\Jobs))
#3 D:\xampp\htdocs\bhghr\system\CodeIgniter.php(326): CodeIgniter\CodeIgniter->handleRequest(NULL, Object(Config\Cache), false)
#4 D:\xampp\htdocs\bhghr\index.php(37): CodeIgniter\CodeIgniter->run()
#5 {main}
CRITICAL - 2022-06-17 16:05:02 --> Undefined array key "gradeID"
#0 D:\xampp\htdocs\bhghr\app\Controllers\Jobs.php(467): CodeIgniter\Debug\Exceptions->errorHandler(2, 'Undefined array...', 'D:\\xampp\\htdocs...', 467)
#1 D:\xampp\htdocs\bhghr\system\CodeIgniter.php(832): App\Controllers\Jobs->positions_data()
#2 D:\xampp\htdocs\bhghr\system\CodeIgniter.php(419): CodeIgniter\CodeIgniter->runController(Object(App\Controllers\Jobs))
#3 D:\xampp\htdocs\bhghr\system\CodeIgniter.php(326): CodeIgniter\CodeIgniter->handleRequest(NULL, Object(Config\Cache), false)
#4 D:\xampp\htdocs\bhghr\index.php(37): CodeIgniter\CodeIgniter->run()
#5 {main}
CRITICAL - 2022-06-17 16:05:04 --> Undefined array key "gradeID"
#0 D:\xampp\htdocs\bhghr\app\Controllers\Jobs.php(467): CodeIgniter\Debug\Exceptions->errorHandler(2, 'Undefined array...', 'D:\\xampp\\htdocs...', 467)
#1 D:\xampp\htdocs\bhghr\system\CodeIgniter.php(832): App\Controllers\Jobs->positions_data()
#2 D:\xampp\htdocs\bhghr\system\CodeIgniter.php(419): CodeIgniter\CodeIgniter->runController(Object(App\Controllers\Jobs))
#3 D:\xampp\htdocs\bhghr\system\CodeIgniter.php(326): CodeIgniter\CodeIgniter->handleRequest(NULL, Object(Config\Cache), false)
#4 D:\xampp\htdocs\bhghr\index.php(37): CodeIgniter\CodeIgniter->run()
#5 {main}
CRITICAL - 2022-06-17 16:05:37 --> Undefined array key "gradeID"
#0 D:\xampp\htdocs\bhghr\app\Controllers\Jobs.php(467): CodeIgniter\Debug\Exceptions->errorHandler(2, 'Undefined array...', 'D:\\xampp\\htdocs...', 467)
#1 D:\xampp\htdocs\bhghr\system\CodeIgniter.php(832): App\Controllers\Jobs->positions_data()
#2 D:\xampp\htdocs\bhghr\system\CodeIgniter.php(419): CodeIgniter\CodeIgniter->runController(Object(App\Controllers\Jobs))
#3 D:\xampp\htdocs\bhghr\system\CodeIgniter.php(326): CodeIgniter\CodeIgniter->handleRequest(NULL, Object(Config\Cache), false)
#4 D:\xampp\htdocs\bhghr\index.php(37): CodeIgniter\CodeIgniter->run()
#5 {main}
CRITICAL - 2022-06-17 16:05:38 --> Undefined array key "gradeID"
#0 D:\xampp\htdocs\bhghr\app\Controllers\Jobs.php(467): CodeIgniter\Debug\Exceptions->errorHandler(2, 'Undefined array...', 'D:\\xampp\\htdocs...', 467)
#1 D:\xampp\htdocs\bhghr\system\CodeIgniter.php(832): App\Controllers\Jobs->positions_data()
#2 D:\xampp\htdocs\bhghr\system\CodeIgniter.php(419): CodeIgniter\CodeIgniter->runController(Object(App\Controllers\Jobs))
#3 D:\xampp\htdocs\bhghr\system\CodeIgniter.php(326): CodeIgniter\CodeIgniter->handleRequest(NULL, Object(Config\Cache), false)
#4 D:\xampp\htdocs\bhghr\index.php(37): CodeIgniter\CodeIgniter->run()
#5 {main}
CRITICAL - 2022-06-17 16:06:14 --> Undefined array key "gradeID"
#0 D:\xampp\htdocs\bhghr\app\Controllers\Jobs.php(467): CodeIgniter\Debug\Exceptions->errorHandler(2, 'Undefined array...', 'D:\\xampp\\htdocs...', 467)
#1 D:\xampp\htdocs\bhghr\system\CodeIgniter.php(832): App\Controllers\Jobs->positions_data()
#2 D:\xampp\htdocs\bhghr\system\CodeIgniter.php(419): CodeIgniter\CodeIgniter->runController(Object(App\Controllers\Jobs))
#3 D:\xampp\htdocs\bhghr\system\CodeIgniter.php(326): CodeIgniter\CodeIgniter->handleRequest(NULL, Object(Config\Cache), false)
#4 D:\xampp\htdocs\bhghr\index.php(37): CodeIgniter\CodeIgniter->run()
#5 {main}
CRITICAL - 2022-06-17 16:06:15 --> Undefined array key "gradeID"
#0 D:\xampp\htdocs\bhghr\app\Controllers\Jobs.php(467): CodeIgniter\Debug\Exceptions->errorHandler(2, 'Undefined array...', 'D:\\xampp\\htdocs...', 467)
#1 D:\xampp\htdocs\bhghr\system\CodeIgniter.php(832): App\Controllers\Jobs->positions_data()
#2 D:\xampp\htdocs\bhghr\system\CodeIgniter.php(419): CodeIgniter\CodeIgniter->runController(Object(App\Controllers\Jobs))
#3 D:\xampp\htdocs\bhghr\system\CodeIgniter.php(326): CodeIgniter\CodeIgniter->handleRequest(NULL, Object(Config\Cache), false)
#4 D:\xampp\htdocs\bhghr\index.php(37): CodeIgniter\CodeIgniter->run()
#5 {main}
CRITICAL - 2022-06-17 16:06:45 --> Undefined array key "gradeID"
#0 D:\xampp\htdocs\bhghr\app\Controllers\Jobs.php(467): CodeIgniter\Debug\Exceptions->errorHandler(2, 'Undefined array...', 'D:\\xampp\\htdocs...', 467)
#1 D:\xampp\htdocs\bhghr\system\CodeIgniter.php(832): App\Controllers\Jobs->positions_data()
#2 D:\xampp\htdocs\bhghr\system\CodeIgniter.php(419): CodeIgniter\CodeIgniter->runController(Object(App\Controllers\Jobs))
#3 D:\xampp\htdocs\bhghr\system\CodeIgniter.php(326): CodeIgniter\CodeIgniter->handleRequest(NULL, Object(Config\Cache), false)
#4 D:\xampp\htdocs\bhghr\index.php(37): CodeIgniter\CodeIgniter->run()
#5 {main}
CRITICAL - 2022-06-17 16:06:46 --> Undefined array key "gradeID"
#0 D:\xampp\htdocs\bhghr\app\Controllers\Jobs.php(467): CodeIgniter\Debug\Exceptions->errorHandler(2, 'Undefined array...', 'D:\\xampp\\htdocs...', 467)
#1 D:\xampp\htdocs\bhghr\system\CodeIgniter.php(832): App\Controllers\Jobs->positions_data()
#2 D:\xampp\htdocs\bhghr\system\CodeIgniter.php(419): CodeIgniter\CodeIgniter->runController(Object(App\Controllers\Jobs))
#3 D:\xampp\htdocs\bhghr\system\CodeIgniter.php(326): CodeIgniter\CodeIgniter->handleRequest(NULL, Object(Config\Cache), false)
#4 D:\xampp\htdocs\bhghr\index.php(37): CodeIgniter\CodeIgniter->run()
#5 {main}
CRITICAL - 2022-06-17 16:07:21 --> Undefined array key "gradeID"
#0 D:\xampp\htdocs\bhghr\app\Controllers\Jobs.php(467): CodeIgniter\Debug\Exceptions->errorHandler(2, 'Undefined array...', 'D:\\xampp\\htdocs...', 467)
#1 D:\xampp\htdocs\bhghr\system\CodeIgniter.php(832): App\Controllers\Jobs->positions_data()
#2 D:\xampp\htdocs\bhghr\system\CodeIgniter.php(419): CodeIgniter\CodeIgniter->runController(Object(App\Controllers\Jobs))
#3 D:\xampp\htdocs\bhghr\system\CodeIgniter.php(326): CodeIgniter\CodeIgniter->handleRequest(NULL, Object(Config\Cache), false)
#4 D:\xampp\htdocs\bhghr\index.php(37): CodeIgniter\CodeIgniter->run()
#5 {main}
CRITICAL - 2022-06-17 16:07:22 --> Undefined array key "gradeID"
#0 D:\xampp\htdocs\bhghr\app\Controllers\Jobs.php(467): CodeIgniter\Debug\Exceptions->errorHandler(2, 'Undefined array...', 'D:\\xampp\\htdocs...', 467)
#1 D:\xampp\htdocs\bhghr\system\CodeIgniter.php(832): App\Controllers\Jobs->positions_data()
#2 D:\xampp\htdocs\bhghr\system\CodeIgniter.php(419): CodeIgniter\CodeIgniter->runController(Object(App\Controllers\Jobs))
#3 D:\xampp\htdocs\bhghr\system\CodeIgniter.php(326): CodeIgniter\CodeIgniter->handleRequest(NULL, Object(Config\Cache), false)
#4 D:\xampp\htdocs\bhghr\index.php(37): CodeIgniter\CodeIgniter->run()
#5 {main}
CRITICAL - 2022-06-17 16:08:01 --> Undefined array key "gradeID"
#0 D:\xampp\htdocs\bhghr\app\Controllers\Jobs.php(467): CodeIgniter\Debug\Exceptions->errorHandler(2, 'Undefined array...', 'D:\\xampp\\htdocs...', 467)
#1 D:\xampp\htdocs\bhghr\system\CodeIgniter.php(832): App\Controllers\Jobs->positions_data()
#2 D:\xampp\htdocs\bhghr\system\CodeIgniter.php(419): CodeIgniter\CodeIgniter->runController(Object(App\Controllers\Jobs))
#3 D:\xampp\htdocs\bhghr\system\CodeIgniter.php(326): CodeIgniter\CodeIgniter->handleRequest(NULL, Object(Config\Cache), false)
#4 D:\xampp\htdocs\bhghr\index.php(37): CodeIgniter\CodeIgniter->run()
#5 {main}
CRITICAL - 2022-06-17 16:08:02 --> Undefined array key "gradeID"
#0 D:\xampp\htdocs\bhghr\app\Controllers\Jobs.php(467): CodeIgniter\Debug\Exceptions->errorHandler(2, 'Undefined array...', 'D:\\xampp\\htdocs...', 467)
#1 D:\xampp\htdocs\bhghr\system\CodeIgniter.php(832): App\Controllers\Jobs->positions_data()
#2 D:\xampp\htdocs\bhghr\system\CodeIgniter.php(419): CodeIgniter\CodeIgniter->runController(Object(App\Controllers\Jobs))
#3 D:\xampp\htdocs\bhghr\system\CodeIgniter.php(326): CodeIgniter\CodeIgniter->handleRequest(NULL, Object(Config\Cache), false)
#4 D:\xampp\htdocs\bhghr\index.php(37): CodeIgniter\CodeIgniter->run()
#5 {main}
CRITICAL - 2022-06-17 16:08:08 --> Undefined array key "gradeID"
#0 D:\xampp\htdocs\bhghr\app\Controllers\Jobs.php(467): CodeIgniter\Debug\Exceptions->errorHandler(2, 'Undefined array...', 'D:\\xampp\\htdocs...', 467)
#1 D:\xampp\htdocs\bhghr\system\CodeIgniter.php(832): App\Controllers\Jobs->positions_data()
#2 D:\xampp\htdocs\bhghr\system\CodeIgniter.php(419): CodeIgniter\CodeIgniter->runController(Object(App\Controllers\Jobs))
#3 D:\xampp\htdocs\bhghr\system\CodeIgniter.php(326): CodeIgniter\CodeIgniter->handleRequest(NULL, Object(Config\Cache), false)
#4 D:\xampp\htdocs\bhghr\index.php(37): CodeIgniter\CodeIgniter->run()
#5 {main}
CRITICAL - 2022-06-17 16:08:09 --> Undefined array key "gradeID"
#0 D:\xampp\htdocs\bhghr\app\Controllers\Jobs.php(467): CodeIgniter\Debug\Exceptions->errorHandler(2, 'Undefined array...', 'D:\\xampp\\htdocs...', 467)
#1 D:\xampp\htdocs\bhghr\system\CodeIgniter.php(832): App\Controllers\Jobs->positions_data()
#2 D:\xampp\htdocs\bhghr\system\CodeIgniter.php(419): CodeIgniter\CodeIgniter->runController(Object(App\Controllers\Jobs))
#3 D:\xampp\htdocs\bhghr\system\CodeIgniter.php(326): CodeIgniter\CodeIgniter->handleRequest(NULL, Object(Config\Cache), false)
#4 D:\xampp\htdocs\bhghr\index.php(37): CodeIgniter\CodeIgniter->run()
#5 {main}
CRITICAL - 2022-06-17 16:08:52 --> Undefined array key "gradeID"
#0 D:\xampp\htdocs\bhghr\app\Controllers\Jobs.php(467): CodeIgniter\Debug\Exceptions->errorHandler(2, 'Undefined array...', 'D:\\xampp\\htdocs...', 467)
#1 D:\xampp\htdocs\bhghr\system\CodeIgniter.php(832): App\Controllers\Jobs->positions_data()
#2 D:\xampp\htdocs\bhghr\system\CodeIgniter.php(419): CodeIgniter\CodeIgniter->runController(Object(App\Controllers\Jobs))
#3 D:\xampp\htdocs\bhghr\system\CodeIgniter.php(326): CodeIgniter\CodeIgniter->handleRequest(NULL, Object(Config\Cache), false)
#4 D:\xampp\htdocs\bhghr\index.php(37): CodeIgniter\CodeIgniter->run()
#5 {main}
CRITICAL - 2022-06-17 16:08:53 --> Undefined array key "gradeID"
#0 D:\xampp\htdocs\bhghr\app\Controllers\Jobs.php(467): CodeIgniter\Debug\Exceptions->errorHandler(2, 'Undefined array...', 'D:\\xampp\\htdocs...', 467)
#1 D:\xampp\htdocs\bhghr\system\CodeIgniter.php(832): App\Controllers\Jobs->positions_data()
#2 D:\xampp\htdocs\bhghr\system\CodeIgniter.php(419): CodeIgniter\CodeIgniter->runController(Object(App\Controllers\Jobs))
#3 D:\xampp\htdocs\bhghr\system\CodeIgniter.php(326): CodeIgniter\CodeIgniter->handleRequest(NULL, Object(Config\Cache), false)
#4 D:\xampp\htdocs\bhghr\index.php(37): CodeIgniter\CodeIgniter->run()
#5 {main}
CRITICAL - 2022-06-17 16:09:26 --> Undefined array key "gradeID"
#0 D:\xampp\htdocs\bhghr\app\Controllers\Jobs.php(467): CodeIgniter\Debug\Exceptions->errorHandler(2, 'Undefined array...', 'D:\\xampp\\htdocs...', 467)
#1 D:\xampp\htdocs\bhghr\system\CodeIgniter.php(832): App\Controllers\Jobs->positions_data()
#2 D:\xampp\htdocs\bhghr\system\CodeIgniter.php(419): CodeIgniter\CodeIgniter->runController(Object(App\Controllers\Jobs))
#3 D:\xampp\htdocs\bhghr\system\CodeIgniter.php(326): CodeIgniter\CodeIgniter->handleRequest(NULL, Object(Config\Cache), false)
#4 D:\xampp\htdocs\bhghr\index.php(37): CodeIgniter\CodeIgniter->run()
#5 {main}
CRITICAL - 2022-06-17 16:09:27 --> Undefined array key "gradeID"
#0 D:\xampp\htdocs\bhghr\app\Controllers\Jobs.php(467): CodeIgniter\Debug\Exceptions->errorHandler(2, 'Undefined array...', 'D:\\xampp\\htdocs...', 467)
#1 D:\xampp\htdocs\bhghr\system\CodeIgniter.php(832): App\Controllers\Jobs->positions_data()
#2 D:\xampp\htdocs\bhghr\system\CodeIgniter.php(419): CodeIgniter\CodeIgniter->runController(Object(App\Controllers\Jobs))
#3 D:\xampp\htdocs\bhghr\system\CodeIgniter.php(326): CodeIgniter\CodeIgniter->handleRequest(NULL, Object(Config\Cache), false)
#4 D:\xampp\htdocs\bhghr\index.php(37): CodeIgniter\CodeIgniter->run()
#5 {main}
CRITICAL - 2022-06-17 16:10:14 --> Undefined array key "gradeID"
#0 D:\xampp\htdocs\bhghr\app\Controllers\Jobs.php(467): CodeIgniter\Debug\Exceptions->errorHandler(2, 'Undefined array...', 'D:\\xampp\\htdocs...', 467)
#1 D:\xampp\htdocs\bhghr\system\CodeIgniter.php(832): App\Controllers\Jobs->positions_data()
#2 D:\xampp\htdocs\bhghr\system\CodeIgniter.php(419): CodeIgniter\CodeIgniter->runController(Object(App\Controllers\Jobs))
#3 D:\xampp\htdocs\bhghr\system\CodeIgniter.php(326): CodeIgniter\CodeIgniter->handleRequest(NULL, Object(Config\Cache), false)
#4 D:\xampp\htdocs\bhghr\index.php(37): CodeIgniter\CodeIgniter->run()
#5 {main}
CRITICAL - 2022-06-17 16:10:14 --> Undefined array key "gradeID"
#0 D:\xampp\htdocs\bhghr\app\Controllers\Jobs.php(467): CodeIgniter\Debug\Exceptions->errorHandler(2, 'Undefined array...', 'D:\\xampp\\htdocs...', 467)
#1 D:\xampp\htdocs\bhghr\system\CodeIgniter.php(832): App\Controllers\Jobs->positions_data()
#2 D:\xampp\htdocs\bhghr\system\CodeIgniter.php(419): CodeIgniter\CodeIgniter->runController(Object(App\Controllers\Jobs))
#3 D:\xampp\htdocs\bhghr\system\CodeIgniter.php(326): CodeIgniter\CodeIgniter->handleRequest(NULL, Object(Config\Cache), false)
#4 D:\xampp\htdocs\bhghr\index.php(37): CodeIgniter\CodeIgniter->run()
#5 {main}
CRITICAL - 2022-06-17 16:10:49 --> Undefined array key "gradeID"
#0 D:\xampp\htdocs\bhghr\app\Controllers\Jobs.php(467): CodeIgniter\Debug\Exceptions->errorHandler(2, 'Undefined array...', 'D:\\xampp\\htdocs...', 467)
#1 D:\xampp\htdocs\bhghr\system\CodeIgniter.php(832): App\Controllers\Jobs->positions_data()
#2 D:\xampp\htdocs\bhghr\system\CodeIgniter.php(419): CodeIgniter\CodeIgniter->runController(Object(App\Controllers\Jobs))
#3 D:\xampp\htdocs\bhghr\system\CodeIgniter.php(326): CodeIgniter\CodeIgniter->handleRequest(NULL, Object(Config\Cache), false)
#4 D:\xampp\htdocs\bhghr\index.php(37): CodeIgniter\CodeIgniter->run()
#5 {main}
CRITICAL - 2022-06-17 16:10:50 --> Undefined array key "gradeID"
#0 D:\xampp\htdocs\bhghr\app\Controllers\Jobs.php(467): CodeIgniter\Debug\Exceptions->errorHandler(2, 'Undefined array...', 'D:\\xampp\\htdocs...', 467)
#1 D:\xampp\htdocs\bhghr\system\CodeIgniter.php(832): App\Controllers\Jobs->positions_data()
#2 D:\xampp\htdocs\bhghr\system\CodeIgniter.php(419): CodeIgniter\CodeIgniter->runController(Object(App\Controllers\Jobs))
#3 D:\xampp\htdocs\bhghr\system\CodeIgniter.php(326): CodeIgniter\CodeIgniter->handleRequest(NULL, Object(Config\Cache), false)
#4 D:\xampp\htdocs\bhghr\index.php(37): CodeIgniter\CodeIgniter->run()
#5 {main}
CRITICAL - 2022-06-17 16:11:34 --> Undefined array key "gradeID"
#0 D:\xampp\htdocs\bhghr\app\Controllers\Jobs.php(467): CodeIgniter\Debug\Exceptions->errorHandler(2, 'Undefined array...', 'D:\\xampp\\htdocs...', 467)
#1 D:\xampp\htdocs\bhghr\system\CodeIgniter.php(832): App\Controllers\Jobs->positions_data()
#2 D:\xampp\htdocs\bhghr\system\CodeIgniter.php(419): CodeIgniter\CodeIgniter->runController(Object(App\Controllers\Jobs))
#3 D:\xampp\htdocs\bhghr\system\CodeIgniter.php(326): CodeIgniter\CodeIgniter->handleRequest(NULL, Object(Config\Cache), false)
#4 D:\xampp\htdocs\bhghr\index.php(37): CodeIgniter\CodeIgniter->run()
#5 {main}
CRITICAL - 2022-06-17 16:11:35 --> Undefined array key "gradeID"
#0 D:\xampp\htdocs\bhghr\app\Controllers\Jobs.php(467): CodeIgniter\Debug\Exceptions->errorHandler(2, 'Undefined array...', 'D:\\xampp\\htdocs...', 467)
#1 D:\xampp\htdocs\bhghr\system\CodeIgniter.php(832): App\Controllers\Jobs->positions_data()
#2 D:\xampp\htdocs\bhghr\system\CodeIgniter.php(419): CodeIgniter\CodeIgniter->runController(Object(App\Controllers\Jobs))
#3 D:\xampp\htdocs\bhghr\system\CodeIgniter.php(326): CodeIgniter\CodeIgniter->handleRequest(NULL, Object(Config\Cache), false)
#4 D:\xampp\htdocs\bhghr\index.php(37): CodeIgniter\CodeIgniter->run()
#5 {main}
CRITICAL - 2022-06-17 16:12:15 --> Undefined array key "gradeID"
#0 D:\xampp\htdocs\bhghr\app\Controllers\Jobs.php(467): CodeIgniter\Debug\Exceptions->errorHandler(2, 'Undefined array...', 'D:\\xampp\\htdocs...', 467)
#1 D:\xampp\htdocs\bhghr\system\CodeIgniter.php(832): App\Controllers\Jobs->positions_data()
#2 D:\xampp\htdocs\bhghr\system\CodeIgniter.php(419): CodeIgniter\CodeIgniter->runController(Object(App\Controllers\Jobs))
#3 D:\xampp\htdocs\bhghr\system\CodeIgniter.php(326): CodeIgniter\CodeIgniter->handleRequest(NULL, Object(Config\Cache), false)
#4 D:\xampp\htdocs\bhghr\index.php(37): CodeIgniter\CodeIgniter->run()
#5 {main}
CRITICAL - 2022-06-17 16:12:16 --> Undefined array key "gradeID"
#0 D:\xampp\htdocs\bhghr\app\Controllers\Jobs.php(467): CodeIgniter\Debug\Exceptions->errorHandler(2, 'Undefined array...', 'D:\\xampp\\htdocs...', 467)
#1 D:\xampp\htdocs\bhghr\system\CodeIgniter.php(832): App\Controllers\Jobs->positions_data()
#2 D:\xampp\htdocs\bhghr\system\CodeIgniter.php(419): CodeIgniter\CodeIgniter->runController(Object(App\Controllers\Jobs))
#3 D:\xampp\htdocs\bhghr\system\CodeIgniter.php(326): CodeIgniter\CodeIgniter->handleRequest(NULL, Object(Config\Cache), false)
#4 D:\xampp\htdocs\bhghr\index.php(37): CodeIgniter\CodeIgniter->run()
#5 {main}
CRITICAL - 2022-06-17 16:12:50 --> Undefined array key "gradeID"
#0 D:\xampp\htdocs\bhghr\app\Controllers\Jobs.php(467): CodeIgniter\Debug\Exceptions->errorHandler(2, 'Undefined array...', 'D:\\xampp\\htdocs...', 467)
#1 D:\xampp\htdocs\bhghr\system\CodeIgniter.php(832): App\Controllers\Jobs->positions_data()
#2 D:\xampp\htdocs\bhghr\system\CodeIgniter.php(419): CodeIgniter\CodeIgniter->runController(Object(App\Controllers\Jobs))
#3 D:\xampp\htdocs\bhghr\system\CodeIgniter.php(326): CodeIgniter\CodeIgniter->handleRequest(NULL, Object(Config\Cache), false)
#4 D:\xampp\htdocs\bhghr\index.php(37): CodeIgniter\CodeIgniter->run()
#5 {main}
CRITICAL - 2022-06-17 16:12:53 --> Undefined array key "gradeID"
#0 D:\xampp\htdocs\bhghr\app\Controllers\Jobs.php(467): CodeIgniter\Debug\Exceptions->errorHandler(2, 'Undefined array...', 'D:\\xampp\\htdocs...', 467)
#1 D:\xampp\htdocs\bhghr\system\CodeIgniter.php(832): App\Controllers\Jobs->positions_data()
#2 D:\xampp\htdocs\bhghr\system\CodeIgniter.php(419): CodeIgniter\CodeIgniter->runController(Object(App\Controllers\Jobs))
#3 D:\xampp\htdocs\bhghr\system\CodeIgniter.php(326): CodeIgniter\CodeIgniter->handleRequest(NULL, Object(Config\Cache), false)
#4 D:\xampp\htdocs\bhghr\index.php(37): CodeIgniter\CodeIgniter->run()
#5 {main}
CRITICAL - 2022-06-17 16:13:30 --> Undefined array key "gradeID"
#0 D:\xampp\htdocs\bhghr\app\Controllers\Jobs.php(467): CodeIgniter\Debug\Exceptions->errorHandler(2, 'Undefined array...', 'D:\\xampp\\htdocs...', 467)
#1 D:\xampp\htdocs\bhghr\system\CodeIgniter.php(832): App\Controllers\Jobs->positions_data()
#2 D:\xampp\htdocs\bhghr\system\CodeIgniter.php(419): CodeIgniter\CodeIgniter->runController(Object(App\Controllers\Jobs))
#3 D:\xampp\htdocs\bhghr\system\CodeIgniter.php(326): CodeIgniter\CodeIgniter->handleRequest(NULL, Object(Config\Cache), false)
#4 D:\xampp\htdocs\bhghr\index.php(37): CodeIgniter\CodeIgniter->run()
#5 {main}
CRITICAL - 2022-06-17 16:13:36 --> Undefined array key "gradeID"
#0 D:\xampp\htdocs\bhghr\app\Controllers\Jobs.php(467): CodeIgniter\Debug\Exceptions->errorHandler(2, 'Undefined array...', 'D:\\xampp\\htdocs...', 467)
#1 D:\xampp\htdocs\bhghr\system\CodeIgniter.php(832): App\Controllers\Jobs->positions_data()
#2 D:\xampp\htdocs\bhghr\system\CodeIgniter.php(419): CodeIgniter\CodeIgniter->runController(Object(App\Controllers\Jobs))
#3 D:\xampp\htdocs\bhghr\system\CodeIgniter.php(326): CodeIgniter\CodeIgniter->handleRequest(NULL, Object(Config\Cache), false)
#4 D:\xampp\htdocs\bhghr\index.php(37): CodeIgniter\CodeIgniter->run()
#5 {main}
CRITICAL - 2022-06-17 16:14:05 --> Undefined array key "gradeID"
#0 D:\xampp\htdocs\bhghr\app\Controllers\Jobs.php(467): CodeIgniter\Debug\Exceptions->errorHandler(2, 'Undefined array...', 'D:\\xampp\\htdocs...', 467)
#1 D:\xampp\htdocs\bhghr\system\CodeIgniter.php(832): App\Controllers\Jobs->positions_data()
#2 D:\xampp\htdocs\bhghr\system\CodeIgniter.php(419): CodeIgniter\CodeIgniter->runController(Object(App\Controllers\Jobs))
#3 D:\xampp\htdocs\bhghr\system\CodeIgniter.php(326): CodeIgniter\CodeIgniter->handleRequest(NULL, Object(Config\Cache), false)
#4 D:\xampp\htdocs\bhghr\index.php(37): CodeIgniter\CodeIgniter->run()
#5 {main}
CRITICAL - 2022-06-17 16:14:06 --> Undefined array key "gradeID"
#0 D:\xampp\htdocs\bhghr\app\Controllers\Jobs.php(467): CodeIgniter\Debug\Exceptions->errorHandler(2, 'Undefined array...', 'D:\\xampp\\htdocs...', 467)
#1 D:\xampp\htdocs\bhghr\system\CodeIgniter.php(832): App\Controllers\Jobs->positions_data()
#2 D:\xampp\htdocs\bhghr\system\CodeIgniter.php(419): CodeIgniter\CodeIgniter->runController(Object(App\Controllers\Jobs))
#3 D:\xampp\htdocs\bhghr\system\CodeIgniter.php(326): CodeIgniter\CodeIgniter->handleRequest(NULL, Object(Config\Cache), false)
#4 D:\xampp\htdocs\bhghr\index.php(37): CodeIgniter\CodeIgniter->run()
#5 {main}
CRITICAL - 2022-06-17 16:14:44 --> Undefined array key "gradeID"
#0 D:\xampp\htdocs\bhghr\app\Controllers\Jobs.php(467): CodeIgniter\Debug\Exceptions->errorHandler(2, 'Undefined array...', 'D:\\xampp\\htdocs...', 467)
#1 D:\xampp\htdocs\bhghr\system\CodeIgniter.php(832): App\Controllers\Jobs->positions_data()
#2 D:\xampp\htdocs\bhghr\system\CodeIgniter.php(419): CodeIgniter\CodeIgniter->runController(Object(App\Controllers\Jobs))
#3 D:\xampp\htdocs\bhghr\system\CodeIgniter.php(326): CodeIgniter\CodeIgniter->handleRequest(NULL, Object(Config\Cache), false)
#4 D:\xampp\htdocs\bhghr\index.php(37): CodeIgniter\CodeIgniter->run()
#5 {main}
CRITICAL - 2022-06-17 16:14:46 --> Undefined array key "gradeID"
#0 D:\xampp\htdocs\bhghr\app\Controllers\Jobs.php(467): CodeIgniter\Debug\Exceptions->errorHandler(2, 'Undefined array...', 'D:\\xampp\\htdocs...', 467)
#1 D:\xampp\htdocs\bhghr\system\CodeIgniter.php(832): App\Controllers\Jobs->positions_data()
#2 D:\xampp\htdocs\bhghr\system\CodeIgniter.php(419): CodeIgniter\CodeIgniter->runController(Object(App\Controllers\Jobs))
#3 D:\xampp\htdocs\bhghr\system\CodeIgniter.php(326): CodeIgniter\CodeIgniter->handleRequest(NULL, Object(Config\Cache), false)
#4 D:\xampp\htdocs\bhghr\index.php(37): CodeIgniter\CodeIgniter->run()
#5 {main}
