CRITICAL - 2022-06-13 01:09:40 --> Undefined array key ""
#0 D:\xampp\htdocs\bhghr\app\Controllers\Jobapplications.php(520): CodeIgniter\Debug\Exceptions->errorHandler(2, 'Undefined array...', 'D:\\xampp\\htdocs...', 520)
#1 D:\xampp\htdocs\bhghr\system\CodeIgniter.php(832): App\Controllers\Jobapplications->get_model_offer()
#2 D:\xampp\htdocs\bhghr\system\CodeIgniter.php(419): CodeIgniter\CodeIgniter->runController(Object(App\Controllers\Jobapplications))
#3 D:\xampp\htdocs\bhghr\system\CodeIgniter.php(326): CodeIgniter\CodeIgniter->handleRequest(NULL, Object(Config\Cache), false)
#4 D:\xampp\htdocs\bhghr\index.php(37): CodeIgniter\CodeIgniter->run()
#5 {main}
CRITICAL - 2022-06-13 02:53:34 --> file_get_contents(https://frenchbakery.cafe/wp-content/uploads/fb-header.jpg): Failed to open stream: HTTP request failed!
#0 [internal function]: CodeIgniter\Debug\Exceptions->errorHandler(2, 'file_get_conten...', 'D:\\xampp\\htdocs...', 528)
#1 D:\xampp\htdocs\bhghr\app\Controllers\Jobapplications.php(528): file_get_contents('https://frenchb...')
#2 D:\xampp\htdocs\bhghr\system\CodeIgniter.php(832): App\Controllers\Jobapplications->get_model_offer()
#3 D:\xampp\htdocs\bhghr\system\CodeIgniter.php(419): CodeIgniter\CodeIgniter->runController(Object(App\Controllers\Jobapplications))
#4 D:\xampp\htdocs\bhghr\system\CodeIgniter.php(326): CodeIgniter\CodeIgniter->handleRequest(NULL, Object(Config\Cache), false)
#5 D:\xampp\htdocs\bhghr\index.php(37): CodeIgniter\CodeIgniter->run()
#6 {main}
CRITICAL - 2022-06-13 02:54:54 --> Maximum execution time of 120 seconds exceeded
#0 [internal function]: CodeIgniter\Debug\Exceptions->shutdownHandler()
#1 {main}
CRITICAL - 2022-06-13 02:54:54 --> Maximum execution time of 120 seconds exceeded
#0 [internal function]: CodeIgniter\Debug\Exceptions->shutdownHandler()
#1 {main}
CRITICAL - 2022-06-13 02:59:13 --> Class "Dompdf\Dompdf" not found
#0 D:\xampp\htdocs\bhghr\system\CodeIgniter.php(832): App\Controllers\Jobapplications->jobOfffer('2', '13', '2')
#1 D:\xampp\htdocs\bhghr\system\CodeIgniter.php(419): CodeIgniter\CodeIgniter->runController(Object(App\Controllers\Jobapplications))
#2 D:\xampp\htdocs\bhghr\system\CodeIgniter.php(326): CodeIgniter\CodeIgniter->handleRequest(NULL, Object(Config\Cache), false)
#3 D:\xampp\htdocs\bhghr\index.php(37): CodeIgniter\CodeIgniter->run()
#4 {main}
