CRITICAL - 2023-06-22 00:05:47 --> Class "Ngekoding\CodeIgniterDataTables\BaseController" not found
#0 D:\xampp\htdocs\bhghr\system\Autoloader\Autoloader.php(264): include_once()
#1 D:\xampp\htdocs\bhghr\system\Autoloader\Autoloader.php(241): CodeIgniter\Autoloader\Autoloader->includeFile()
#2 D:\xampp\htdocs\bhghr\system\Autoloader\Autoloader.php(219): CodeIgniter\Autoloader\Autoloader->loadInNamespace()
#3 [internal function]: CodeIgniter\Autoloader\Autoloader->loadClass()
#4 D:\xampp\htdocs\bhghr\system\CodeIgniter.php(797): class_exists()
#5 D:\xampp\htdocs\bhghr\system\CodeIgniter.php(406): CodeIgniter\CodeIgniter->startController()
#6 D:\xampp\htdocs\bhghr\system\CodeIgniter.php(326): CodeIgniter\CodeIgniter->handleRequest()
#7 D:\xampp\htdocs\bhghr\index.php(37): CodeIgniter\CodeIgniter->run()
#8 {main}
CRITICAL - 2023-06-22 00:06:59 --> Class "Ngekoding\CodeIgniterDataTables\BaseController" not found
#0 D:\xampp\htdocs\bhghr\system\Autoloader\Autoloader.php(264): include_once()
#1 D:\xampp\htdocs\bhghr\system\Autoloader\Autoloader.php(241): CodeIgniter\Autoloader\Autoloader->includeFile()
#2 D:\xampp\htdocs\bhghr\system\Autoloader\Autoloader.php(219): CodeIgniter\Autoloader\Autoloader->loadInNamespace()
#3 [internal function]: CodeIgniter\Autoloader\Autoloader->loadClass()
#4 D:\xampp\htdocs\bhghr\system\CodeIgniter.php(797): class_exists()
#5 D:\xampp\htdocs\bhghr\system\CodeIgniter.php(406): CodeIgniter\CodeIgniter->startController()
#6 D:\xampp\htdocs\bhghr\system\CodeIgniter.php(326): CodeIgniter\CodeIgniter->handleRequest()
#7 D:\xampp\htdocs\bhghr\index.php(37): CodeIgniter\CodeIgniter->run()
#8 {main}
