CRITICAL - 2023-01-09 02:55:15 --> Cannot use isset() on the result of an expression (you can use "null !== expression" instead)
#0 [internal function]: CodeIgniter\Debug\Exceptions->shutdownHandler()
#1 {main}
CRITICAL - 2023-01-09 02:55:19 --> Cannot use isset() on the result of an expression (you can use "null !== expression" instead)
#0 [internal function]: CodeIgniter\Debug\Exceptions->shutdownHandler()
#1 {main}
CRITICAL - 2023-01-09 02:55:20 --> Cannot use isset() on the result of an expression (you can use "null !== expression" instead)
#0 [internal function]: CodeIgniter\Debug\Exceptions->shutdownHandler()
#1 {main}
CRITICAL - 2023-01-09 02:55:24 --> Cannot use isset() on the result of an expression (you can use "null !== expression" instead)
#0 [internal function]: CodeIgniter\Debug\Exceptions->shutdownHandler()
#1 {main}
CRITICAL - 2023-01-09 02:55:26 --> Cannot use isset() on the result of an expression (you can use "null !== expression" instead)
#0 [internal function]: CodeIgniter\Debug\Exceptions->shutdownHandler()
#1 {main}
CRITICAL - 2023-01-09 02:55:50 --> Cannot use isset() on the result of an expression (you can use "null !== expression" instead)
#0 [internal function]: CodeIgniter\Debug\Exceptions->shutdownHandler()
#1 {main}
CRITICAL - 2023-01-09 02:56:23 --> Cannot use isset() on the result of an expression (you can use "null !== expression" instead)
#0 [internal function]: CodeIgniter\Debug\Exceptions->shutdownHandler()
#1 {main}
CRITICAL - 2023-01-09 02:58:02 --> Cannot use isset() on the result of an expression (you can use "null !== expression" instead)
#0 [internal function]: CodeIgniter\Debug\Exceptions->shutdownHandler()
#1 {main}
CRITICAL - 2023-01-09 02:58:52 --> Undefined array key "Overtime"
#0 D:\xampp\htdocs\bhghr\app\Views\jobsapplication\update_proposal.php(436): CodeIgniter\Debug\Exceptions->errorHandler(2, 'Undefined array...', 'D:\\xampp\\htdocs...', 436)
#1 D:\xampp\htdocs\bhghr\system\View\View.php(210): include('D:\\xampp\\htdocs...')
#2 D:\xampp\htdocs\bhghr\system\View\View.php(213): CodeIgniter\View\View->CodeIgniter\View\{closure}()
#3 D:\xampp\htdocs\bhghr\system\Common.php(1089): CodeIgniter\View\View->render('jobsapplication...', Array, true)
#4 D:\xampp\htdocs\bhghr\app\Controllers\Jobapplications.php(462): view('jobsapplication...', Array)
#5 D:\xampp\htdocs\bhghr\system\CodeIgniter.php(832): App\Controllers\Jobapplications->proposal('6183', '75')
#6 D:\xampp\htdocs\bhghr\system\CodeIgniter.php(419): CodeIgniter\CodeIgniter->runController(Object(App\Controllers\Jobapplications))
#7 D:\xampp\htdocs\bhghr\system\CodeIgniter.php(326): CodeIgniter\CodeIgniter->handleRequest(NULL, Object(Config\Cache), false)
#8 D:\xampp\htdocs\bhghr\index.php(37): CodeIgniter\CodeIgniter->run()
#9 {main}
CRITICAL - 2023-01-09 02:58:55 --> Undefined array key "Overtime"
#0 D:\xampp\htdocs\bhghr\app\Views\jobsapplication\update_proposal.php(436): CodeIgniter\Debug\Exceptions->errorHandler(2, 'Undefined array...', 'D:\\xampp\\htdocs...', 436)
#1 D:\xampp\htdocs\bhghr\system\View\View.php(210): include('D:\\xampp\\htdocs...')
#2 D:\xampp\htdocs\bhghr\system\View\View.php(213): CodeIgniter\View\View->CodeIgniter\View\{closure}()
#3 D:\xampp\htdocs\bhghr\system\Common.php(1089): CodeIgniter\View\View->render('jobsapplication...', Array, true)
#4 D:\xampp\htdocs\bhghr\app\Controllers\Jobapplications.php(462): view('jobsapplication...', Array)
#5 D:\xampp\htdocs\bhghr\system\CodeIgniter.php(832): App\Controllers\Jobapplications->proposal('6183', '75')
#6 D:\xampp\htdocs\bhghr\system\CodeIgniter.php(419): CodeIgniter\CodeIgniter->runController(Object(App\Controllers\Jobapplications))
#7 D:\xampp\htdocs\bhghr\system\CodeIgniter.php(326): CodeIgniter\CodeIgniter->handleRequest(NULL, Object(Config\Cache), false)
#8 D:\xampp\htdocs\bhghr\index.php(37): CodeIgniter\CodeIgniter->run()
#9 {main}
CRITICAL - 2023-01-09 03:00:35 --> Undefined array key "companyFuel"
#0 D:\xampp\htdocs\bhghr\app\Controllers\Jobapplications.php(359): CodeIgniter\Debug\Exceptions->errorHandler(2, 'Undefined array...', 'D:\\xampp\\htdocs...', 359)
#1 D:\xampp\htdocs\bhghr\system\CodeIgniter.php(832): App\Controllers\Jobapplications->proposal('6183', '75')
#2 D:\xampp\htdocs\bhghr\system\CodeIgniter.php(419): CodeIgniter\CodeIgniter->runController(Object(App\Controllers\Jobapplications))
#3 D:\xampp\htdocs\bhghr\system\CodeIgniter.php(326): CodeIgniter\CodeIgniter->handleRequest(NULL, Object(Config\Cache), false)
#4 D:\xampp\htdocs\bhghr\index.php(37): CodeIgniter\CodeIgniter->run()
#5 {main}
